GAS LISTING C:\Users\Jesper\AppData\Local\Temp\ccIwGQov.s 			page 1


   1              		.file	"fstat.c"
   2              		.option nopic
   3              		.attribute arch, "rv32i2p0_m2p0_a2p0_c2p0"
   4              		.attribute unaligned_access, 0
   5              		.attribute stack_align, 16
   6              		.text
   7              	.Ltext0:
   8              		.cfi_sections	.debug_frame
   9              		.section	.text._fstat,"ax",@progbits
  10              		.align	1
  11              		.globl	_fstat
  13              	_fstat:
  14              	.LFB1:
  15              		.file 1 "../../firmware/RISCV/stubs/fstat.c"
   1:../../firmware/RISCV/stubs/fstat.c **** /* See LICENSE of license details. */
   2:../../firmware/RISCV/stubs/fstat.c **** 
   3:../../firmware/RISCV/stubs/fstat.c **** #include <errno.h>
   4:../../firmware/RISCV/stubs/fstat.c **** #include <unistd.h>
   5:../../firmware/RISCV/stubs/fstat.c **** #include <sys/stat.h>
   6:../../firmware/RISCV/stubs/fstat.c **** #include "stub.h"
   7:../../firmware/RISCV/stubs/fstat.c **** 
   8:../../firmware/RISCV/stubs/fstat.c **** int _fstat(int fd, struct stat* st)
   9:../../firmware/RISCV/stubs/fstat.c **** {
  16              		.loc 1 9 1
  17              		.cfi_startproc
  18              	.LVL0:
  10:../../firmware/RISCV/stubs/fstat.c ****   if (isatty(fd)) {
  19              		.loc 1 10 3
   9:../../firmware/RISCV/stubs/fstat.c ****   if (isatty(fd)) {
  20              		.loc 1 9 1 is_stmt 0
  21 0000 4111     		addi	sp,sp,-16
  22              	.LCFI0:
  23              		.cfi_def_cfa_offset 16
  24 0002 22C4     		sw	s0,8(sp)
  25 0004 06C6     		sw	ra,12(sp)
  26              		.cfi_offset 8, -8
  27              		.cfi_offset 1, -4
   9:../../firmware/RISCV/stubs/fstat.c ****   if (isatty(fd)) {
  28              		.loc 1 9 1
  29 0006 2E84     		mv	s0,a1
  30              		.loc 1 10 7
  31 0008 97000000 		call	isatty
  31      E7800000 
  32              	.LVL1:
  33              		.loc 1 10 6
  34 0010 01C9     		beq	a0,zero,.L3
  11:../../firmware/RISCV/stubs/fstat.c ****     st->st_mode = S_IFCHR;
  35              		.loc 1 11 5 is_stmt 1
  36              		.loc 1 11 17 is_stmt 0
  37 0012 8967     		li	a5,8192
  38 0014 5CC0     		sw	a5,4(s0)
  12:../../firmware/RISCV/stubs/fstat.c ****     return 0;
  39              		.loc 1 12 5 is_stmt 1
  40              		.loc 1 12 12 is_stmt 0
  41 0016 0145     		li	a0,0
  42              	.L1:
  13:../../firmware/RISCV/stubs/fstat.c ****   }
GAS LISTING C:\Users\Jesper\AppData\Local\Temp\ccIwGQov.s 			page 2


  14:../../firmware/RISCV/stubs/fstat.c **** 
  15:../../firmware/RISCV/stubs/fstat.c ****   return _stub(EBADF);
  16:../../firmware/RISCV/stubs/fstat.c **** }
  43              		.loc 1 16 1
  44 0018 B240     		lw	ra,12(sp)
  45              		.cfi_remember_state
  46              		.cfi_restore 1
  47 001a 2244     		lw	s0,8(sp)
  48              		.cfi_restore 8
  49              	.LVL2:
  50 001c 4101     		addi	sp,sp,16
  51              	.LCFI1:
  52              		.cfi_def_cfa_offset 0
  53 001e 8280     		jr	ra
  54              	.LVL3:
  55              	.L3:
  56              	.LCFI2:
  57              		.cfi_restore_state
  15:../../firmware/RISCV/stubs/fstat.c **** }
  58              		.loc 1 15 10
  59 0020 7D55     		li	a0,-1
  60 0022 DDBF     		j	.L1
  61              		.cfi_endproc
  62              	.LFE1:
  64              		.text
  65              	.Letext0:
  66              		.file 2 "c:\\toolchain-gd32v-win-001\\toolchain-gd32v-win\\compiler\\lib\\gcc\\riscv64-unknown-elf
  67              		.file 3 "c:\\toolchain-gd32v-win-001\\toolchain-gd32v-win\\compiler\\riscv64-unknown-elf\\include\
  68              		.file 4 "c:\\toolchain-gd32v-win-001\\toolchain-gd32v-win\\compiler\\riscv64-unknown-elf\\include\
  69              		.file 5 "c:\\toolchain-gd32v-win-001\\toolchain-gd32v-win\\compiler\\riscv64-unknown-elf\\include\
  70              		.file 6 "c:\\toolchain-gd32v-win-001\\toolchain-gd32v-win\\compiler\\riscv64-unknown-elf\\include\
  71              		.file 7 "c:\\toolchain-gd32v-win-001\\toolchain-gd32v-win\\compiler\\riscv64-unknown-elf\\include\
  72              		.file 8 "c:\\toolchain-gd32v-win-001\\toolchain-gd32v-win\\compiler\\riscv64-unknown-elf\\include\
  73              		.file 9 "c:\\toolchain-gd32v-win-001\\toolchain-gd32v-win\\compiler\\riscv64-unknown-elf\\include\
  74              		.file 10 "c:\\toolchain-gd32v-win-001\\toolchain-gd32v-win\\compiler\\riscv64-unknown-elf\\include
  75              		.file 11 "c:\\toolchain-gd32v-win-001\\toolchain-gd32v-win\\compiler\\riscv64-unknown-elf\\include
  76              		.file 12 "c:\\toolchain-gd32v-win-001\\toolchain-gd32v-win\\compiler\\riscv64-unknown-elf\\include
  77              		.file 13 "../../firmware/RISCV/stubs/stub.h"
GAS LISTING C:\Users\Jesper\AppData\Local\Temp\ccIwGQov.s 			page 3


DEFINED SYMBOLS
                            *ABS*:0000000000000000 fstat.c
C:\Users\Jesper\AppData\Local\Temp\ccIwGQov.s:13     .text._fstat:0000000000000000 _fstat
C:\Users\Jesper\AppData\Local\Temp\ccIwGQov.s:17     .text._fstat:0000000000000000 .L0 
C:\Users\Jesper\AppData\Local\Temp\ccIwGQov.s:19     .text._fstat:0000000000000000 .L0 
C:\Users\Jesper\AppData\Local\Temp\ccIwGQov.s:20     .text._fstat:0000000000000000 .L0 
C:\Users\Jesper\AppData\Local\Temp\ccIwGQov.s:21     .text._fstat:0000000000000000 .L0 
C:\Users\Jesper\AppData\Local\Temp\ccIwGQov.s:23     .text._fstat:0000000000000002 .L0 
C:\Users\Jesper\AppData\Local\Temp\ccIwGQov.s:26     .text._fstat:0000000000000006 .L0 
C:\Users\Jesper\AppData\Local\Temp\ccIwGQov.s:27     .text._fstat:0000000000000006 .L0 
C:\Users\Jesper\AppData\Local\Temp\ccIwGQov.s:29     .text._fstat:0000000000000006 .L0 
C:\Users\Jesper\AppData\Local\Temp\ccIwGQov.s:31     .text._fstat:0000000000000008 .L0 
C:\Users\Jesper\AppData\Local\Temp\ccIwGQov.s:34     .text._fstat:0000000000000010 .L0 
C:\Users\Jesper\AppData\Local\Temp\ccIwGQov.s:36     .text._fstat:0000000000000012 .L0 
C:\Users\Jesper\AppData\Local\Temp\ccIwGQov.s:37     .text._fstat:0000000000000012 .L0 
C:\Users\Jesper\AppData\Local\Temp\ccIwGQov.s:40     .text._fstat:0000000000000016 .L0 
C:\Users\Jesper\AppData\Local\Temp\ccIwGQov.s:41     .text._fstat:0000000000000016 .L0 
C:\Users\Jesper\AppData\Local\Temp\ccIwGQov.s:44     .text._fstat:0000000000000018 .L0 
C:\Users\Jesper\AppData\Local\Temp\ccIwGQov.s:45     .text._fstat:000000000000001a .L0 
C:\Users\Jesper\AppData\Local\Temp\ccIwGQov.s:46     .text._fstat:000000000000001a .L0 
C:\Users\Jesper\AppData\Local\Temp\ccIwGQov.s:48     .text._fstat:000000000000001c .L0 
C:\Users\Jesper\AppData\Local\Temp\ccIwGQov.s:52     .text._fstat:000000000000001e .L0 
C:\Users\Jesper\AppData\Local\Temp\ccIwGQov.s:57     .text._fstat:0000000000000020 .L0 
C:\Users\Jesper\AppData\Local\Temp\ccIwGQov.s:59     .text._fstat:0000000000000020 .L0 
C:\Users\Jesper\AppData\Local\Temp\ccIwGQov.s:61     .text._fstat:0000000000000024 .L0 
C:\Users\Jesper\AppData\Local\Temp\ccIwGQov.s:64     .text._fstat:0000000000000024 .L0 
                     .debug_frame:0000000000000000 .L0 
C:\Users\Jesper\AppData\Local\Temp\ccIwGQov.s:55     .text._fstat:0000000000000020 .L3
C:\Users\Jesper\AppData\Local\Temp\ccIwGQov.s:42     .text._fstat:0000000000000018 .L1
C:\Users\Jesper\AppData\Local\Temp\ccIwGQov.s:1934   .debug_abbrev:0000000000000000 .Ldebug_abbrev0
C:\Users\Jesper\AppData\Local\Temp\ccIwGQov.s:2740   .debug_str:00000000000003d6 .LASF170
C:\Users\Jesper\AppData\Local\Temp\ccIwGQov.s:2634   .debug_str:00000000000001dd .LASF171
C:\Users\Jesper\AppData\Local\Temp\ccIwGQov.s:2582   .debug_str:00000000000000b7 .LASF172
C:\Users\Jesper\AppData\Local\Temp\ccIwGQov.s:2538   .debug_ranges:0000000000000000 .Ldebug_ranges0
C:\Users\Jesper\AppData\Local\Temp\ccIwGQov.s:2544   .debug_line:0000000000000000 .Ldebug_line0
C:\Users\Jesper\AppData\Local\Temp\ccIwGQov.s:2678   .debug_str:00000000000002c4 .LASF0
C:\Users\Jesper\AppData\Local\Temp\ccIwGQov.s:2598   .debug_str:000000000000013d .LASF1
C:\Users\Jesper\AppData\Local\Temp\ccIwGQov.s:2734   .debug_str:00000000000003bc .LASF2
C:\Users\Jesper\AppData\Local\Temp\ccIwGQov.s:2714   .debug_str:000000000000036e .LASF8
C:\Users\Jesper\AppData\Local\Temp\ccIwGQov.s:2600   .debug_str:000000000000014b .LASF3
C:\Users\Jesper\AppData\Local\Temp\ccIwGQov.s:2762   .debug_str:00000000000004b0 .LASF4
C:\Users\Jesper\AppData\Local\Temp\ccIwGQov.s:2770   .debug_str:00000000000004d3 .LASF5
C:\Users\Jesper\AppData\Local\Temp\ccIwGQov.s:2700   .debug_str:0000000000000323 .LASF6
C:\Users\Jesper\AppData\Local\Temp\ccIwGQov.s:2620   .debug_str:00000000000001a4 .LASF7
C:\Users\Jesper\AppData\Local\Temp\ccIwGQov.s:2654   .debug_str:000000000000025a .LASF9
C:\Users\Jesper\AppData\Local\Temp\ccIwGQov.s:2688   .debug_str:00000000000002f1 .LASF10
C:\Users\Jesper\AppData\Local\Temp\ccIwGQov.s:2574   .debug_str:0000000000000082 .LASF11
C:\Users\Jesper\AppData\Local\Temp\ccIwGQov.s:2588   .debug_str:0000000000000109 .LASF12
C:\Users\Jesper\AppData\Local\Temp\ccIwGQov.s:2618   .debug_str:0000000000000199 .LASF13
C:\Users\Jesper\AppData\Local\Temp\ccIwGQov.s:2746   .debug_str:0000000000000461 .LASF14
C:\Users\Jesper\AppData\Local\Temp\ccIwGQov.s:2748   .debug_str:000000000000046d .LASF15
C:\Users\Jesper\AppData\Local\Temp\ccIwGQov.s:2666   .debug_str:0000000000000293 .LASF16
C:\Users\Jesper\AppData\Local\Temp\ccIwGQov.s:2838   .debug_str:00000000000005fe .LASF17
C:\Users\Jesper\AppData\Local\Temp\ccIwGQov.s:2550   .debug_str:0000000000000014 .LASF18
C:\Users\Jesper\AppData\Local\Temp\ccIwGQov.s:2810   .debug_str:0000000000000591 .LASF19
C:\Users\Jesper\AppData\Local\Temp\ccIwGQov.s:2604   .debug_str:000000000000015d .LASF20
C:\Users\Jesper\AppData\Local\Temp\ccIwGQov.s:2548   .debug_str:000000000000000c .LASF21
GAS LISTING C:\Users\Jesper\AppData\Local\Temp\ccIwGQov.s 			page 4


C:\Users\Jesper\AppData\Local\Temp\ccIwGQov.s:2822   .debug_str:00000000000005c1 .LASF22
C:\Users\Jesper\AppData\Local\Temp\ccIwGQov.s:2864   .debug_str:0000000000000679 .LASF23
C:\Users\Jesper\AppData\Local\Temp\ccIwGQov.s:2710   .debug_str:0000000000000360 .LASF24
C:\Users\Jesper\AppData\Local\Temp\ccIwGQov.s:2680   .debug_str:00000000000002d1 .LASF25
C:\Users\Jesper\AppData\Local\Temp\ccIwGQov.s:2814   .debug_str:000000000000059f .LASF26
C:\Users\Jesper\AppData\Local\Temp\ccIwGQov.s:2816   .debug_str:00000000000005a7 .LASF27
C:\Users\Jesper\AppData\Local\Temp\ccIwGQov.s:2782   .debug_str:0000000000000506 .LASF28
C:\Users\Jesper\AppData\Local\Temp\ccIwGQov.s:2892   .debug_str:00000000000006f6 .LASF29
C:\Users\Jesper\AppData\Local\Temp\ccIwGQov.s:2850   .debug_str:000000000000062f .LASF30
C:\Users\Jesper\AppData\Local\Temp\ccIwGQov.s:2758   .debug_str:0000000000000495 .LASF31
C:\Users\Jesper\AppData\Local\Temp\ccIwGQov.s:2658   .debug_str:000000000000026b .LASF32
C:\Users\Jesper\AppData\Local\Temp\ccIwGQov.s:2662   .debug_str:000000000000027c .LASF37
C:\Users\Jesper\AppData\Local\Temp\ccIwGQov.s:2840   .debug_str:0000000000000606 .LASF33
C:\Users\Jesper\AppData\Local\Temp\ccIwGQov.s:2806   .debug_str:0000000000000582 .LASF34
C:\Users\Jesper\AppData\Local\Temp\ccIwGQov.s:2656   .debug_str:0000000000000265 .LASF35
C:\Users\Jesper\AppData\Local\Temp\ccIwGQov.s:2858   .debug_str:0000000000000664 .LASF36
C:\Users\Jesper\AppData\Local\Temp\ccIwGQov.s:2676   .debug_str:00000000000002bf .LASF38
C:\Users\Jesper\AppData\Local\Temp\ccIwGQov.s:2594   .debug_str:000000000000012f .LASF39
C:\Users\Jesper\AppData\Local\Temp\ccIwGQov.s:2832   .debug_str:00000000000005e8 .LASF40
C:\Users\Jesper\AppData\Local\Temp\ccIwGQov.s:2608   .debug_str:000000000000016c .LASF41
C:\Users\Jesper\AppData\Local\Temp\ccIwGQov.s:2896   .debug_str:0000000000000709 .LASF42
C:\Users\Jesper\AppData\Local\Temp\ccIwGQov.s:2742   .debug_str:0000000000000450 .LASF43
C:\Users\Jesper\AppData\Local\Temp\ccIwGQov.s:2728   .debug_str:00000000000003a2 .LASF44
C:\Users\Jesper\AppData\Local\Temp\ccIwGQov.s:2860   .debug_str:0000000000000669 .LASF45
C:\Users\Jesper\AppData\Local\Temp\ccIwGQov.s:2772   .debug_str:00000000000004dd .LASF46
C:\Users\Jesper\AppData\Local\Temp\ccIwGQov.s:2876   .debug_str:00000000000006ae .LASF47
C:\Users\Jesper\AppData\Local\Temp\ccIwGQov.s:2612   .debug_str:000000000000017b .LASF48
C:\Users\Jesper\AppData\Local\Temp\ccIwGQov.s:2648   .debug_str:0000000000000247 .LASF49
C:\Users\Jesper\AppData\Local\Temp\ccIwGQov.s:2546   .debug_str:0000000000000000 .LASF50
C:\Users\Jesper\AppData\Local\Temp\ccIwGQov.s:2846   .debug_str:0000000000000621 .LASF51
C:\Users\Jesper\AppData\Local\Temp\ccIwGQov.s:2626   .debug_str:00000000000001be .LASF52
C:\Users\Jesper\AppData\Local\Temp\ccIwGQov.s:2744   .debug_str:0000000000000459 .LASF53
C:\Users\Jesper\AppData\Local\Temp\ccIwGQov.s:2798   .debug_str:0000000000000552 .LASF54
C:\Users\Jesper\AppData\Local\Temp\ccIwGQov.s:2650   .debug_str:000000000000024f .LASF55
C:\Users\Jesper\AppData\Local\Temp\ccIwGQov.s:2774   .debug_str:00000000000004e7 .LASF56
C:\Users\Jesper\AppData\Local\Temp\ccIwGQov.s:2606   .debug_str:0000000000000166 .LASF57
C:\Users\Jesper\AppData\Local\Temp\ccIwGQov.s:2552   .debug_str:000000000000001c .LASF58
C:\Users\Jesper\AppData\Local\Temp\ccIwGQov.s:2784   .debug_str:0000000000000511 .LASF59
C:\Users\Jesper\AppData\Local\Temp\ccIwGQov.s:2624   .debug_str:00000000000001b7 .LASF60
C:\Users\Jesper\AppData\Local\Temp\ccIwGQov.s:2690   .debug_str:0000000000000303 .LASF61
C:\Users\Jesper\AppData\Local\Temp\ccIwGQov.s:2578   .debug_str:00000000000000a3 .LASF62
C:\Users\Jesper\AppData\Local\Temp\ccIwGQov.s:2614   .debug_str:0000000000000189 .LASF63
C:\Users\Jesper\AppData\Local\Temp\ccIwGQov.s:2668   .debug_str:000000000000029b .LASF64
C:\Users\Jesper\AppData\Local\Temp\ccIwGQov.s:2726   .debug_str:000000000000039b .LASF65
C:\Users\Jesper\AppData\Local\Temp\ccIwGQov.s:2818   .debug_str:00000000000005af .LASF66
C:\Users\Jesper\AppData\Local\Temp\ccIwGQov.s:2880   .debug_str:00000000000006c8 .LASF67
C:\Users\Jesper\AppData\Local\Temp\ccIwGQov.s:2602   .debug_str:0000000000000157 .LASF68
C:\Users\Jesper\AppData\Local\Temp\ccIwGQov.s:2872   .debug_str:00000000000006a0 .LASF69
C:\Users\Jesper\AppData\Local\Temp\ccIwGQov.s:2632   .debug_str:00000000000001d4 .LASF70
C:\Users\Jesper\AppData\Local\Temp\ccIwGQov.s:2642   .debug_str:0000000000000220 .LASF71
C:\Users\Jesper\AppData\Local\Temp\ccIwGQov.s:2568   .debug_str:000000000000005c .LASF72
C:\Users\Jesper\AppData\Local\Temp\ccIwGQov.s:2716   .debug_str:0000000000000375 .LASF73
C:\Users\Jesper\AppData\Local\Temp\ccIwGQov.s:2788   .debug_str:0000000000000523 .LASF74
C:\Users\Jesper\AppData\Local\Temp\ccIwGQov.s:2720   .debug_str:0000000000000382 .LASF75
C:\Users\Jesper\AppData\Local\Temp\ccIwGQov.s:2808   .debug_str:000000000000058a .LASF76
C:\Users\Jesper\AppData\Local\Temp\ccIwGQov.s:2826   .debug_str:00000000000005d2 .LASF77
C:\Users\Jesper\AppData\Local\Temp\ccIwGQov.s:2628   .debug_str:00000000000001c6 .LASF78
GAS LISTING C:\Users\Jesper\AppData\Local\Temp\ccIwGQov.s 			page 5


C:\Users\Jesper\AppData\Local\Temp\ccIwGQov.s:2682   .debug_str:00000000000002d8 .LASF79
C:\Users\Jesper\AppData\Local\Temp\ccIwGQov.s:2660   .debug_str:0000000000000274 .LASF80
C:\Users\Jesper\AppData\Local\Temp\ccIwGQov.s:2796   .debug_str:000000000000054d .LASF81
C:\Users\Jesper\AppData\Local\Temp\ccIwGQov.s:2560   .debug_str:0000000000000039 .LASF82
C:\Users\Jesper\AppData\Local\Temp\ccIwGQov.s:2804   .debug_str:0000000000000569 .LASF83
C:\Users\Jesper\AppData\Local\Temp\ccIwGQov.s:2800   .debug_str:0000000000000557 .LASF84
C:\Users\Jesper\AppData\Local\Temp\ccIwGQov.s:2636   .debug_str:0000000000000200 .LASF85
C:\Users\Jesper\AppData\Local\Temp\ccIwGQov.s:2802   .debug_str:000000000000055f .LASF86
C:\Users\Jesper\AppData\Local\Temp\ccIwGQov.s:2708   .debug_str:0000000000000358 .LASF87
C:\Users\Jesper\AppData\Local\Temp\ccIwGQov.s:2670   .debug_str:00000000000002a1 .LASF88
C:\Users\Jesper\AppData\Local\Temp\ccIwGQov.s:2890   .debug_str:00000000000006f1 .LASF89
C:\Users\Jesper\AppData\Local\Temp\ccIwGQov.s:2754   .debug_str:0000000000000481 .LASF90
C:\Users\Jesper\AppData\Local\Temp\ccIwGQov.s:2686   .debug_str:00000000000002e9 .LASF91
C:\Users\Jesper\AppData\Local\Temp\ccIwGQov.s:2640   .debug_str:0000000000000218 .LASF92
C:\Users\Jesper\AppData\Local\Temp\ccIwGQov.s:2764   .debug_str:00000000000004be .LASF93
C:\Users\Jesper\AppData\Local\Temp\ccIwGQov.s:2702   .debug_str:0000000000000336 .LASF94
C:\Users\Jesper\AppData\Local\Temp\ccIwGQov.s:2868   .debug_str:000000000000068c .LASF95
C:\Users\Jesper\AppData\Local\Temp\ccIwGQov.s:2616   .debug_str:0000000000000191 .LASF96
C:\Users\Jesper\AppData\Local\Temp\ccIwGQov.s:2610   .debug_str:0000000000000176 .LASF97
C:\Users\Jesper\AppData\Local\Temp\ccIwGQov.s:2828   .debug_str:00000000000005d9 .LASF98
C:\Users\Jesper\AppData\Local\Temp\ccIwGQov.s:2780   .debug_str:00000000000004ff .LASF99
C:\Users\Jesper\AppData\Local\Temp\ccIwGQov.s:2862   .debug_str:0000000000000673 .LASF100
C:\Users\Jesper\AppData\Local\Temp\ccIwGQov.s:2696   .debug_str:0000000000000316 .LASF101
C:\Users\Jesper\AppData\Local\Temp\ccIwGQov.s:2778   .debug_str:00000000000004f9 .LASF102
C:\Users\Jesper\AppData\Local\Temp\ccIwGQov.s:2556   .debug_str:000000000000002a .LASF103
C:\Users\Jesper\AppData\Local\Temp\ccIwGQov.s:2812   .debug_str:0000000000000599 .LASF104
C:\Users\Jesper\AppData\Local\Temp\ccIwGQov.s:2836   .debug_str:00000000000005f8 .LASF105
C:\Users\Jesper\AppData\Local\Temp\ccIwGQov.s:2848   .debug_str:000000000000062a .LASF106
C:\Users\Jesper\AppData\Local\Temp\ccIwGQov.s:2856   .debug_str:0000000000000657 .LASF107
C:\Users\Jesper\AppData\Local\Temp\ccIwGQov.s:2842   .debug_str:000000000000060c .LASF108
C:\Users\Jesper\AppData\Local\Temp\ccIwGQov.s:2706   .debug_str:000000000000034b .LASF109
C:\Users\Jesper\AppData\Local\Temp\ccIwGQov.s:2878   .debug_str:00000000000006b9 .LASF110
C:\Users\Jesper\AppData\Local\Temp\ccIwGQov.s:2664   .debug_str:0000000000000284 .LASF111
C:\Users\Jesper\AppData\Local\Temp\ccIwGQov.s:2790   .debug_str:000000000000052c .LASF112
C:\Users\Jesper\AppData\Local\Temp\ccIwGQov.s:2882   .debug_str:00000000000006cf .LASF113
C:\Users\Jesper\AppData\Local\Temp\ccIwGQov.s:2794   .debug_str:0000000000000540 .LASF114
C:\Users\Jesper\AppData\Local\Temp\ccIwGQov.s:2888   .debug_str:00000000000006e3 .LASF115
C:\Users\Jesper\AppData\Local\Temp\ccIwGQov.s:2592   .debug_str:0000000000000121 .LASF116
C:\Users\Jesper\AppData\Local\Temp\ccIwGQov.s:2866   .debug_str:0000000000000682 .LASF117
C:\Users\Jesper\AppData\Local\Temp\ccIwGQov.s:2704   .debug_str:000000000000033f .LASF118
C:\Users\Jesper\AppData\Local\Temp\ccIwGQov.s:2852   .debug_str:0000000000000637 .LASF119
C:\Users\Jesper\AppData\Local\Temp\ccIwGQov.s:2646   .debug_str:0000000000000239 .LASF120
C:\Users\Jesper\AppData\Local\Temp\ccIwGQov.s:2586   .debug_str:00000000000000fa .LASF121
C:\Users\Jesper\AppData\Local\Temp\ccIwGQov.s:2644   .debug_str:0000000000000228 .LASF122
C:\Users\Jesper\AppData\Local\Temp\ccIwGQov.s:2570   .debug_str:0000000000000062 .LASF123
C:\Users\Jesper\AppData\Local\Temp\ccIwGQov.s:2572   .debug_str:0000000000000071 .LASF124
C:\Users\Jesper\AppData\Local\Temp\ccIwGQov.s:2768   .debug_str:00000000000004ca .LASF125
C:\Users\Jesper\AppData\Local\Temp\ccIwGQov.s:2738   .debug_str:00000000000003cf .LASF126
C:\Users\Jesper\AppData\Local\Temp\ccIwGQov.s:2730   .debug_str:00000000000003ac .LASF127
C:\Users\Jesper\AppData\Local\Temp\ccIwGQov.s:2874   .debug_str:00000000000006a6 .LASF128
C:\Users\Jesper\AppData\Local\Temp\ccIwGQov.s:2580   .debug_str:00000000000000ac .LASF173
C:\Users\Jesper\AppData\Local\Temp\ccIwGQov.s:2820   .debug_str:00000000000005b5 .LASF129
C:\Users\Jesper\AppData\Local\Temp\ccIwGQov.s:2854   .debug_str:0000000000000644 .LASF130
C:\Users\Jesper\AppData\Local\Temp\ccIwGQov.s:2638   .debug_str:000000000000020b .LASF131
C:\Users\Jesper\AppData\Local\Temp\ccIwGQov.s:2786   .debug_str:0000000000000519 .LASF132
C:\Users\Jesper\AppData\Local\Temp\ccIwGQov.s:2752   .debug_str:000000000000047a .LASF133
C:\Users\Jesper\AppData\Local\Temp\ccIwGQov.s:2684   .debug_str:00000000000002e0 .LASF134
GAS LISTING C:\Users\Jesper\AppData\Local\Temp\ccIwGQov.s 			page 6


C:\Users\Jesper\AppData\Local\Temp\ccIwGQov.s:2870   .debug_str:0000000000000696 .LASF135
C:\Users\Jesper\AppData\Local\Temp\ccIwGQov.s:2898   .debug_str:0000000000000713 .LASF136
C:\Users\Jesper\AppData\Local\Temp\ccIwGQov.s:2692   .debug_str:0000000000000309 .LASF137
C:\Users\Jesper\AppData\Local\Temp\ccIwGQov.s:2750   .debug_str:0000000000000474 .LASF138
C:\Users\Jesper\AppData\Local\Temp\ccIwGQov.s:2698   .debug_str:000000000000031d .LASF139
C:\Users\Jesper\AppData\Local\Temp\ccIwGQov.s:2652   .debug_str:0000000000000254 .LASF140
C:\Users\Jesper\AppData\Local\Temp\ccIwGQov.s:2558   .debug_str:0000000000000032 .LASF141
C:\Users\Jesper\AppData\Local\Temp\ccIwGQov.s:2554   .debug_str:0000000000000022 .LASF142
C:\Users\Jesper\AppData\Local\Temp\ccIwGQov.s:2712   .debug_str:0000000000000366 .LASF143
C:\Users\Jesper\AppData\Local\Temp\ccIwGQov.s:2732   .debug_str:00000000000003b5 .LASF144
C:\Users\Jesper\AppData\Local\Temp\ccIwGQov.s:2736   .debug_str:00000000000003c8 .LASF145
C:\Users\Jesper\AppData\Local\Temp\ccIwGQov.s:2834   .debug_str:00000000000005f1 .LASF146
C:\Users\Jesper\AppData\Local\Temp\ccIwGQov.s:2884   .debug_str:00000000000006d4 .LASF147
C:\Users\Jesper\AppData\Local\Temp\ccIwGQov.s:2724   .debug_str:0000000000000392 .LASF148
C:\Users\Jesper\AppData\Local\Temp\ccIwGQov.s:2756   .debug_str:000000000000048b .LASF149
C:\Users\Jesper\AppData\Local\Temp\ccIwGQov.s:2562   .debug_str:0000000000000044 .LASF150
C:\Users\Jesper\AppData\Local\Temp\ccIwGQov.s:2590   .debug_str:0000000000000119 .LASF151
C:\Users\Jesper\AppData\Local\Temp\ccIwGQov.s:2596   .debug_str:0000000000000138 .LASF152
C:\Users\Jesper\AppData\Local\Temp\ccIwGQov.s:2564   .debug_str:000000000000004e .LASF153
C:\Users\Jesper\AppData\Local\Temp\ccIwGQov.s:2766   .debug_str:00000000000004c3 .LASF154
C:\Users\Jesper\AppData\Local\Temp\ccIwGQov.s:2844   .debug_str:0000000000000619 .LASF155
C:\Users\Jesper\AppData\Local\Temp\ccIwGQov.s:2760   .debug_str:00000000000004a7 .LASF156
C:\Users\Jesper\AppData\Local\Temp\ccIwGQov.s:2694   .debug_str:000000000000030f .LASF157
C:\Users\Jesper\AppData\Local\Temp\ccIwGQov.s:2566   .debug_str:0000000000000055 .LASF158
C:\Users\Jesper\AppData\Local\Temp\ccIwGQov.s:2886   .debug_str:00000000000006db .LASF159
C:\Users\Jesper\AppData\Local\Temp\ccIwGQov.s:2722   .debug_str:000000000000038a .LASF160
C:\Users\Jesper\AppData\Local\Temp\ccIwGQov.s:2824   .debug_str:00000000000005c9 .LASF161
C:\Users\Jesper\AppData\Local\Temp\ccIwGQov.s:2672   .debug_str:00000000000002ab .LASF162
C:\Users\Jesper\AppData\Local\Temp\ccIwGQov.s:2894   .debug_str:0000000000000700 .LASF163
C:\Users\Jesper\AppData\Local\Temp\ccIwGQov.s:2674   .debug_str:00000000000002b5 .LASF164
C:\Users\Jesper\AppData\Local\Temp\ccIwGQov.s:2792   .debug_str:0000000000000537 .LASF165
C:\Users\Jesper\AppData\Local\Temp\ccIwGQov.s:2622   .debug_str:00000000000001ad .LASF166
C:\Users\Jesper\AppData\Local\Temp\ccIwGQov.s:2776   .debug_str:00000000000004ee .LASF167
C:\Users\Jesper\AppData\Local\Temp\ccIwGQov.s:2576   .debug_str:0000000000000099 .LASF168
C:\Users\Jesper\AppData\Local\Temp\ccIwGQov.s:2830   .debug_str:00000000000005de .LASF169
C:\Users\Jesper\AppData\Local\Temp\ccIwGQov.s:2630   .debug_str:00000000000001cd .LASF174
C:\Users\Jesper\AppData\Local\Temp\ccIwGQov.s:14     .text._fstat:0000000000000000 .LFB1
C:\Users\Jesper\AppData\Local\Temp\ccIwGQov.s:62     .text._fstat:0000000000000024 .LFE1
C:\Users\Jesper\AppData\Local\Temp\ccIwGQov.s:2466   .debug_loc:0000000000000000 .LLST0
C:\Users\Jesper\AppData\Local\Temp\ccIwGQov.s:2489   .debug_loc:0000000000000038 .LLST1
C:\Users\Jesper\AppData\Local\Temp\ccIwGQov.s:2503   .debug_loc:0000000000000059 .LLST2
C:\Users\Jesper\AppData\Local\Temp\ccIwGQov.s:32     .text._fstat:0000000000000010 .LVL1
C:\Users\Jesper\AppData\Local\Temp\ccIwGQov.s:2584   .debug_str:00000000000000f4 .LASF175
C:\Users\Jesper\AppData\Local\Temp\ccIwGQov.s:2718   .debug_str:000000000000037b .LASF176
C:\Users\Jesper\AppData\Local\Temp\ccIwGQov.s:22     .text._fstat:0000000000000002 .LCFI0
C:\Users\Jesper\AppData\Local\Temp\ccIwGQov.s:51     .text._fstat:000000000000001e .LCFI1
C:\Users\Jesper\AppData\Local\Temp\ccIwGQov.s:56     .text._fstat:0000000000000020 .LCFI2
C:\Users\Jesper\AppData\Local\Temp\ccIwGQov.s:18     .text._fstat:0000000000000000 .LVL0
C:\Users\Jesper\AppData\Local\Temp\ccIwGQov.s:49     .text._fstat:000000000000001c .LVL2
C:\Users\Jesper\AppData\Local\Temp\ccIwGQov.s:54     .text._fstat:0000000000000020 .LVL3
C:\Users\Jesper\AppData\Local\Temp\ccIwGQov.s:79     .debug_info:0000000000000000 .Ldebug_info0

UNDEFINED SYMBOLS
isatty
