GAS LISTING C:\Users\Jesper\AppData\Local\Temp\cc15rgEN.s 			page 1


   1              		.file	"init.c"
   2              		.option nopic
   3              		.attribute arch, "rv32i2p0_m2p0_a2p0_c2p0"
   4              		.attribute unaligned_access, 0
   5              		.attribute stack_align, 16
   6              		.text
   7              	.Ltext0:
   8              		.cfi_sections	.debug_frame
   9              		.section	.text._init,"ax",@progbits
  10              		.align	1
  11              		.globl	_init
  13              	_init:
  14              	.LFB5:
  15              		.file 1 "../../firmware/RISCV/env_Eclipse/init.c"
   1:../../firmware/RISCV/env_Eclipse/init.c **** //See LICENSE for license details.
   2:../../firmware/RISCV/env_Eclipse/init.c **** #include <gd32vf103.h>
   3:../../firmware/RISCV/env_Eclipse/init.c **** #include <stdint.h>
   4:../../firmware/RISCV/env_Eclipse/init.c **** #include <stdio.h>
   5:../../firmware/RISCV/env_Eclipse/init.c **** #include <unistd.h>
   6:../../firmware/RISCV/env_Eclipse/init.c **** #include "riscv_encoding.h"
   7:../../firmware/RISCV/env_Eclipse/init.c **** #include "n200_func.h"
   8:../../firmware/RISCV/env_Eclipse/init.c **** 
   9:../../firmware/RISCV/env_Eclipse/init.c **** extern uint32_t disable_mcycle_minstret();
  10:../../firmware/RISCV/env_Eclipse/init.c **** void _init()
  11:../../firmware/RISCV/env_Eclipse/init.c **** {
  16              		.loc 1 11 1
  17              		.cfi_startproc
  12:../../firmware/RISCV/env_Eclipse/init.c **** 	SystemInit();
  18              		.loc 1 12 2
  11:../../firmware/RISCV/env_Eclipse/init.c **** 	SystemInit();
  19              		.loc 1 11 1 is_stmt 0
  20 0000 4111     		addi	sp,sp,-16
  21              	.LCFI0:
  22              		.cfi_def_cfa_offset 16
  23 0002 06C6     		sw	ra,12(sp)
  24              		.cfi_offset 1, -4
  25              		.loc 1 12 2
  26 0004 97000000 		call	SystemInit
  26      E7800000 
  27              	.LVL0:
  13:../../firmware/RISCV/env_Eclipse/init.c **** 
  14:../../firmware/RISCV/env_Eclipse/init.c **** 	//ECLIC init
  15:../../firmware/RISCV/env_Eclipse/init.c **** 	eclic_init(ECLIC_NUM_INTERRUPTS);
  28              		.loc 1 15 2 is_stmt 1
  29 000c 13057005 		li	a0,87
  30 0010 97000000 		call	eclic_init
  30      E7800000 
  31              	.LVL1:
  16:../../firmware/RISCV/env_Eclipse/init.c **** 	eclic_mode_enable();
  32              		.loc 1 16 2
  33 0018 97000000 		call	eclic_mode_enable
  33      E7800000 
  34              	.LVL2:
  17:../../firmware/RISCV/env_Eclipse/init.c **** 
  18:../../firmware/RISCV/env_Eclipse/init.c **** 	//printf("After ECLIC mode enabled, the mtvec value is %x \n\n\r", read_csr(mtvec));
  19:../../firmware/RISCV/env_Eclipse/init.c **** 
  20:../../firmware/RISCV/env_Eclipse/init.c **** 	// // It must be NOTED:
GAS LISTING C:\Users\Jesper\AppData\Local\Temp\cc15rgEN.s 			page 2


  21:../../firmware/RISCV/env_Eclipse/init.c **** 	//  //    * In the RISC-V arch, if user mode and PMP supported, then by default if PMP is not conf
  22:../../firmware/RISCV/env_Eclipse/init.c **** 	//  //      with valid entries, then user mode cannot access any memory, and cannot execute any in
  23:../../firmware/RISCV/env_Eclipse/init.c **** 	//  //    * So if switch to user-mode and still want to continue, then you must configure PMP firs
  24:../../firmware/RISCV/env_Eclipse/init.c **** 	//pmp_open_all_space();
  25:../../firmware/RISCV/env_Eclipse/init.c **** 	//switch_m2u_mode();
  26:../../firmware/RISCV/env_Eclipse/init.c **** 	
  27:../../firmware/RISCV/env_Eclipse/init.c ****     /* Before enter into main, add the cycle/instret disable by default to save power,
  28:../../firmware/RISCV/env_Eclipse/init.c ****     only use them when needed to measure the cycle/instret */
  29:../../firmware/RISCV/env_Eclipse/init.c **** 	disable_mcycle_minstret();
  35              		.loc 1 29 2
  30:../../firmware/RISCV/env_Eclipse/init.c **** }
  36              		.loc 1 30 1 is_stmt 0
  37 0020 B240     		lw	ra,12(sp)
  38              		.cfi_restore 1
  39 0022 4101     		addi	sp,sp,16
  40              	.LCFI1:
  41              		.cfi_def_cfa_offset 0
  29:../../firmware/RISCV/env_Eclipse/init.c **** }
  42              		.loc 1 29 2
  43 0024 17030000 		tail	disable_mcycle_minstret
  43      67000300 
  44              	.LVL3:
  45              		.cfi_endproc
  46              	.LFE5:
  48              		.section	.text._fini,"ax",@progbits
  49              		.align	1
  50              		.globl	_fini
  52              	_fini:
  53              	.LFB6:
  31:../../firmware/RISCV/env_Eclipse/init.c **** 
  32:../../firmware/RISCV/env_Eclipse/init.c **** void _fini()
  33:../../firmware/RISCV/env_Eclipse/init.c **** {
  54              		.loc 1 33 1 is_stmt 1
  55              		.cfi_startproc
  34:../../firmware/RISCV/env_Eclipse/init.c **** }
  56              		.loc 1 34 1
  57 0000 8280     		ret
  58              		.cfi_endproc
  59              	.LFE6:
  61              		.text
  62              	.Letext0:
  63              		.file 2 "c:\\toolchain-gd32v-win-001\\toolchain-gd32v-win\\compiler\\riscv64-unknown-elf\\include\
  64              		.file 3 "c:\\toolchain-gd32v-win-001\\toolchain-gd32v-win\\compiler\\riscv64-unknown-elf\\include\
  65              		.file 4 "c:\\toolchain-gd32v-win-001\\toolchain-gd32v-win\\compiler\\lib\\gcc\\riscv64-unknown-elf
  66              		.file 5 "c:\\toolchain-gd32v-win-001\\toolchain-gd32v-win\\compiler\\riscv64-unknown-elf\\include\
  67              		.file 6 "c:\\toolchain-gd32v-win-001\\toolchain-gd32v-win\\compiler\\riscv64-unknown-elf\\include\
  68              		.file 7 "c:\\toolchain-gd32v-win-001\\toolchain-gd32v-win\\compiler\\riscv64-unknown-elf\\include\
  69              		.file 8 "../../firmware/GD32VF103_standard_peripheral/system_gd32vf103.h"
  70              		.file 9 "c:\\toolchain-gd32v-win-001\\toolchain-gd32v-win\\compiler\\riscv64-unknown-elf\\include\
  71              		.file 10 "../../firmware/RISCV/drivers/n200_func.h"
  72              		.file 11 "../../firmware/GD32VF103_standard_peripheral/gd32vf103.h"
GAS LISTING C:\Users\Jesper\AppData\Local\Temp\cc15rgEN.s 			page 3


DEFINED SYMBOLS
                            *ABS*:0000000000000000 init.c
C:\Users\Jesper\AppData\Local\Temp\cc15rgEN.s:13     .text._init:0000000000000000 _init
C:\Users\Jesper\AppData\Local\Temp\cc15rgEN.s:17     .text._init:0000000000000000 .L0 
C:\Users\Jesper\AppData\Local\Temp\cc15rgEN.s:18     .text._init:0000000000000000 .L0 
C:\Users\Jesper\AppData\Local\Temp\cc15rgEN.s:19     .text._init:0000000000000000 .L0 
C:\Users\Jesper\AppData\Local\Temp\cc15rgEN.s:20     .text._init:0000000000000000 .L0 
C:\Users\Jesper\AppData\Local\Temp\cc15rgEN.s:22     .text._init:0000000000000002 .L0 
C:\Users\Jesper\AppData\Local\Temp\cc15rgEN.s:24     .text._init:0000000000000004 .L0 
C:\Users\Jesper\AppData\Local\Temp\cc15rgEN.s:26     .text._init:0000000000000004 .L0 
C:\Users\Jesper\AppData\Local\Temp\cc15rgEN.s:29     .text._init:000000000000000c .L0 
C:\Users\Jesper\AppData\Local\Temp\cc15rgEN.s:33     .text._init:0000000000000018 .L0 
C:\Users\Jesper\AppData\Local\Temp\cc15rgEN.s:36     .text._init:0000000000000020 .L0 
C:\Users\Jesper\AppData\Local\Temp\cc15rgEN.s:37     .text._init:0000000000000020 .L0 
C:\Users\Jesper\AppData\Local\Temp\cc15rgEN.s:38     .text._init:0000000000000022 .L0 
C:\Users\Jesper\AppData\Local\Temp\cc15rgEN.s:41     .text._init:0000000000000024 .L0 
C:\Users\Jesper\AppData\Local\Temp\cc15rgEN.s:43     .text._init:0000000000000024 .L0 
C:\Users\Jesper\AppData\Local\Temp\cc15rgEN.s:45     .text._init:000000000000002c .L0 
C:\Users\Jesper\AppData\Local\Temp\cc15rgEN.s:52     .text._fini:0000000000000000 _fini
C:\Users\Jesper\AppData\Local\Temp\cc15rgEN.s:55     .text._fini:0000000000000000 .L0 
C:\Users\Jesper\AppData\Local\Temp\cc15rgEN.s:56     .text._fini:0000000000000000 .L0 
C:\Users\Jesper\AppData\Local\Temp\cc15rgEN.s:57     .text._fini:0000000000000000 .L0 
C:\Users\Jesper\AppData\Local\Temp\cc15rgEN.s:58     .text._fini:0000000000000002 .L0 
C:\Users\Jesper\AppData\Local\Temp\cc15rgEN.s:48     .text._init:000000000000002c .L0 
C:\Users\Jesper\AppData\Local\Temp\cc15rgEN.s:61     .text._fini:0000000000000002 .L0 
                     .debug_frame:0000000000000000 .L0 
C:\Users\Jesper\AppData\Local\Temp\cc15rgEN.s:1818   .debug_abbrev:0000000000000000 .Ldebug_abbrev0
C:\Users\Jesper\AppData\Local\Temp\cc15rgEN.s:2628   .debug_str:0000000000000520 .LASF199
C:\Users\Jesper\AppData\Local\Temp\cc15rgEN.s:2698   .debug_str:0000000000000710 .LASF200
C:\Users\Jesper\AppData\Local\Temp\cc15rgEN.s:2442   .debug_str:00000000000000ed .LASF201
C:\Users\Jesper\AppData\Local\Temp\cc15rgEN.s:2396   .debug_ranges:0000000000000000 .Ldebug_ranges0
C:\Users\Jesper\AppData\Local\Temp\cc15rgEN.s:2404   .debug_line:0000000000000000 .Ldebug_line0
C:\Users\Jesper\AppData\Local\Temp\cc15rgEN.s:2606   .debug_str:00000000000004ac .LASF202
C:\Users\Jesper\AppData\Local\Temp\cc15rgEN.s:2524   .debug_str:0000000000000307 .LASF0
C:\Users\Jesper\AppData\Local\Temp\cc15rgEN.s:2812   .debug_str:000000000000097b .LASF1
C:\Users\Jesper\AppData\Local\Temp\cc15rgEN.s:2754   .debug_str:0000000000000838 .LASF2
C:\Users\Jesper\AppData\Local\Temp\cc15rgEN.s:2518   .debug_str:00000000000002d8 .LASF3
C:\Users\Jesper\AppData\Local\Temp\cc15rgEN.s:2598   .debug_str:0000000000000483 .LASF4
C:\Users\Jesper\AppData\Local\Temp\cc15rgEN.s:2576   .debug_str:000000000000042b .LASF5
C:\Users\Jesper\AppData\Local\Temp\cc15rgEN.s:2792   .debug_str:0000000000000909 .LASF6
C:\Users\Jesper\AppData\Local\Temp\cc15rgEN.s:2744   .debug_str:00000000000007fd .LASF7
C:\Users\Jesper\AppData\Local\Temp\cc15rgEN.s:2578   .debug_str:0000000000000436 .LASF8
C:\Users\Jesper\AppData\Local\Temp\cc15rgEN.s:2784   .debug_str:00000000000008de .LASF9
C:\Users\Jesper\AppData\Local\Temp\cc15rgEN.s:2662   .debug_str:0000000000000655 .LASF10
C:\Users\Jesper\AppData\Local\Temp\cc15rgEN.s:2766   .debug_str:0000000000000883 .LASF11
C:\Users\Jesper\AppData\Local\Temp\cc15rgEN.s:2816   .debug_str:0000000000000992 .LASF12
C:\Users\Jesper\AppData\Local\Temp\cc15rgEN.s:2444   .debug_str:000000000000012a .LASF13
C:\Users\Jesper\AppData\Local\Temp\cc15rgEN.s:2622   .debug_str:00000000000004f6 .LASF14
C:\Users\Jesper\AppData\Local\Temp\cc15rgEN.s:2664   .debug_str:0000000000000662 .LASF15
C:\Users\Jesper\AppData\Local\Temp\cc15rgEN.s:2676   .debug_str:0000000000000698 .LASF16
C:\Users\Jesper\AppData\Local\Temp\cc15rgEN.s:2438   .debug_str:00000000000000cf .LASF17
C:\Users\Jesper\AppData\Local\Temp\cc15rgEN.s:2504   .debug_str:0000000000000283 .LASF18
C:\Users\Jesper\AppData\Local\Temp\cc15rgEN.s:2554   .debug_str:00000000000003a6 .LASF19
C:\Users\Jesper\AppData\Local\Temp\cc15rgEN.s:2638   .debug_str:00000000000005c5 .LASF20
C:\Users\Jesper\AppData\Local\Temp\cc15rgEN.s:2776   .debug_str:00000000000008ae .LASF21
C:\Users\Jesper\AppData\Local\Temp\cc15rgEN.s:2410   .debug_str:0000000000000016 .LASF22
C:\Users\Jesper\AppData\Local\Temp\cc15rgEN.s:2448   .debug_str:0000000000000144 .LASF23
GAS LISTING C:\Users\Jesper\AppData\Local\Temp\cc15rgEN.s 			page 4


C:\Users\Jesper\AppData\Local\Temp\cc15rgEN.s:2514   .debug_str:00000000000002c0 .LASF24
C:\Users\Jesper\AppData\Local\Temp\cc15rgEN.s:2412   .debug_str:0000000000000029 .LASF25
C:\Users\Jesper\AppData\Local\Temp\cc15rgEN.s:2458   .debug_str:0000000000000193 .LASF26
C:\Users\Jesper\AppData\Local\Temp\cc15rgEN.s:2508   .debug_str:00000000000002a4 .LASF27
C:\Users\Jesper\AppData\Local\Temp\cc15rgEN.s:2498   .debug_str:0000000000000259 .LASF28
C:\Users\Jesper\AppData\Local\Temp\cc15rgEN.s:2546   .debug_str:0000000000000377 .LASF29
C:\Users\Jesper\AppData\Local\Temp\cc15rgEN.s:2472   .debug_str:00000000000001d4 .LASF30
C:\Users\Jesper\AppData\Local\Temp\cc15rgEN.s:2786   .debug_str:00000000000008e7 .LASF31
C:\Users\Jesper\AppData\Local\Temp\cc15rgEN.s:2450   .debug_str:0000000000000150 .LASF32
C:\Users\Jesper\AppData\Local\Temp\cc15rgEN.s:2618   .debug_str:00000000000004e3 .LASF33
C:\Users\Jesper\AppData\Local\Temp\cc15rgEN.s:2658   .debug_str:0000000000000643 .LASF34
C:\Users\Jesper\AppData\Local\Temp\cc15rgEN.s:2726   .debug_str:00000000000007a2 .LASF35
C:\Users\Jesper\AppData\Local\Temp\cc15rgEN.s:2656   .debug_str:0000000000000636 .LASF36
C:\Users\Jesper\AppData\Local\Temp\cc15rgEN.s:2740   .debug_str:00000000000007ea .LASF37
C:\Users\Jesper\AppData\Local\Temp\cc15rgEN.s:2422   .debug_str:0000000000000060 .LASF38
C:\Users\Jesper\AppData\Local\Temp\cc15rgEN.s:2804   .debug_str:000000000000094b .LASF39
C:\Users\Jesper\AppData\Local\Temp\cc15rgEN.s:2538   .debug_str:000000000000034a .LASF40
C:\Users\Jesper\AppData\Local\Temp\cc15rgEN.s:2584   .debug_str:000000000000044d .LASF41
C:\Users\Jesper\AppData\Local\Temp\cc15rgEN.s:2482   .debug_str:0000000000000208 .LASF42
C:\Users\Jesper\AppData\Local\Temp\cc15rgEN.s:2650   .debug_str:0000000000000619 .LASF43
C:\Users\Jesper\AppData\Local\Temp\cc15rgEN.s:2710   .debug_str:000000000000075d .LASF44
C:\Users\Jesper\AppData\Local\Temp\cc15rgEN.s:2768   .debug_str:000000000000088e .LASF45
C:\Users\Jesper\AppData\Local\Temp\cc15rgEN.s:2734   .debug_str:00000000000007ca .LASF46
C:\Users\Jesper\AppData\Local\Temp\cc15rgEN.s:2810   .debug_str:000000000000096b .LASF47
C:\Users\Jesper\AppData\Local\Temp\cc15rgEN.s:2528   .debug_str:000000000000031e .LASF48
C:\Users\Jesper\AppData\Local\Temp\cc15rgEN.s:2486   .debug_str:0000000000000226 .LASF49
C:\Users\Jesper\AppData\Local\Temp\cc15rgEN.s:2624   .debug_str:0000000000000501 .LASF50
C:\Users\Jesper\AppData\Local\Temp\cc15rgEN.s:2642   .debug_str:00000000000005df .LASF51
C:\Users\Jesper\AppData\Local\Temp\cc15rgEN.s:2516   .debug_str:00000000000002cd .LASF52
C:\Users\Jesper\AppData\Local\Temp\cc15rgEN.s:2544   .debug_str:000000000000036b .LASF53
C:\Users\Jesper\AppData\Local\Temp\cc15rgEN.s:2590   .debug_str:0000000000000464 .LASF54
C:\Users\Jesper\AppData\Local\Temp\cc15rgEN.s:2798   .debug_str:000000000000092c .LASF55
C:\Users\Jesper\AppData\Local\Temp\cc15rgEN.s:2644   .debug_str:00000000000005ea .LASF56
C:\Users\Jesper\AppData\Local\Temp\cc15rgEN.s:2610   .debug_str:00000000000004ba .LASF57
C:\Users\Jesper\AppData\Local\Temp\cc15rgEN.s:2502   .debug_str:0000000000000270 .LASF58
C:\Users\Jesper\AppData\Local\Temp\cc15rgEN.s:2522   .debug_str:00000000000002f4 .LASF59
C:\Users\Jesper\AppData\Local\Temp\cc15rgEN.s:2568   .debug_str:00000000000003fa .LASF60
C:\Users\Jesper\AppData\Local\Temp\cc15rgEN.s:2414   .debug_str:0000000000000037 .LASF61
C:\Users\Jesper\AppData\Local\Temp\cc15rgEN.s:2430   .debug_str:0000000000000096 .LASF62
C:\Users\Jesper\AppData\Local\Temp\cc15rgEN.s:2560   .debug_str:00000000000003d3 .LASF63
C:\Users\Jesper\AppData\Local\Temp\cc15rgEN.s:2574   .debug_str:0000000000000420 .LASF64
C:\Users\Jesper\AppData\Local\Temp\cc15rgEN.s:2626   .debug_str:000000000000050b .LASF65
C:\Users\Jesper\AppData\Local\Temp\cc15rgEN.s:2730   .debug_str:00000000000007b4 .LASF66
C:\Users\Jesper\AppData\Local\Temp\cc15rgEN.s:2464   .debug_str:00000000000001af .LASF67
C:\Users\Jesper\AppData\Local\Temp\cc15rgEN.s:2748   .debug_str:000000000000081c .LASF68
C:\Users\Jesper\AppData\Local\Temp\cc15rgEN.s:2408   .debug_str:000000000000000c .LASF69
C:\Users\Jesper\AppData\Local\Temp\cc15rgEN.s:2746   .debug_str:0000000000000809 .LASF70
C:\Users\Jesper\AppData\Local\Temp\cc15rgEN.s:2490   .debug_str:000000000000023a .LASF71
C:\Users\Jesper\AppData\Local\Temp\cc15rgEN.s:2736   .debug_str:00000000000007d9 .LASF75
C:\Users\Jesper\AppData\Local\Temp\cc15rgEN.s:2558   .debug_str:00000000000003c1 .LASF72
C:\Users\Jesper\AppData\Local\Temp\cc15rgEN.s:2506   .debug_str:0000000000000296 .LASF73
C:\Users\Jesper\AppData\Local\Temp\cc15rgEN.s:2432   .debug_str:00000000000000a4 .LASF74
C:\Users\Jesper\AppData\Local\Temp\cc15rgEN.s:2762   .debug_str:000000000000086d .LASF76
C:\Users\Jesper\AppData\Local\Temp\cc15rgEN.s:2550   .debug_str:000000000000038e .LASF186
C:\Users\Jesper\AppData\Local\Temp\cc15rgEN.s:2716   .debug_str:000000000000077b .LASF77
C:\Users\Jesper\AppData\Local\Temp\cc15rgEN.s:2640   .debug_str:00000000000005d8 .LASF78
C:\Users\Jesper\AppData\Local\Temp\cc15rgEN.s:2460   .debug_str:00000000000001a1 .LASF79
GAS LISTING C:\Users\Jesper\AppData\Local\Temp\cc15rgEN.s 			page 5


C:\Users\Jesper\AppData\Local\Temp\cc15rgEN.s:2714   .debug_str:0000000000000773 .LASF80
C:\Users\Jesper\AppData\Local\Temp\cc15rgEN.s:2778   .debug_str:00000000000008c1 .LASF81
C:\Users\Jesper\AppData\Local\Temp\cc15rgEN.s:2582   .debug_str:0000000000000447 .LASF82
C:\Users\Jesper\AppData\Local\Temp\cc15rgEN.s:2548   .debug_str:0000000000000387 .LASF83
C:\Users\Jesper\AppData\Local\Temp\cc15rgEN.s:2706   .debug_str:000000000000074d .LASF84
C:\Users\Jesper\AppData\Local\Temp\cc15rgEN.s:2708   .debug_str:0000000000000755 .LASF85
C:\Users\Jesper\AppData\Local\Temp\cc15rgEN.s:2680   .debug_str:00000000000006b2 .LASF86
C:\Users\Jesper\AppData\Local\Temp\cc15rgEN.s:2756   .debug_str:0000000000000845 .LASF87
C:\Users\Jesper\AppData\Local\Temp\cc15rgEN.s:2648   .debug_str:0000000000000607 .LASF88
C:\Users\Jesper\AppData\Local\Temp\cc15rgEN.s:2668   .debug_str:0000000000000676 .LASF89
C:\Users\Jesper\AppData\Local\Temp\cc15rgEN.s:2536   .debug_str:0000000000000342 .LASF94
C:\Users\Jesper\AppData\Local\Temp\cc15rgEN.s:2738   .debug_str:00000000000007e4 .LASF90
C:\Users\Jesper\AppData\Local\Temp\cc15rgEN.s:2700   .debug_str:0000000000000738 .LASF91
C:\Users\Jesper\AppData\Local\Temp\cc15rgEN.s:2530   .debug_str:0000000000000328 .LASF92
C:\Users\Jesper\AppData\Local\Temp\cc15rgEN.s:2772   .debug_str:00000000000008a3 .LASF93
C:\Users\Jesper\AppData\Local\Temp\cc15rgEN.s:2512   .debug_str:00000000000002bb .LASF95
C:\Users\Jesper\AppData\Local\Temp\cc15rgEN.s:2456   .debug_str:000000000000018a .LASF96
C:\Users\Jesper\AppData\Local\Temp\cc15rgEN.s:2750   .debug_str:000000000000082a .LASF97
C:\Users\Jesper\AppData\Local\Temp\cc15rgEN.s:2474   .debug_str:00000000000001e3 .LASF98
C:\Users\Jesper\AppData\Local\Temp\cc15rgEN.s:2814   .debug_str:0000000000000988 .LASF99
C:\Users\Jesper\AppData\Local\Temp\cc15rgEN.s:2630   .debug_str:000000000000059a .LASF100
C:\Users\Jesper\AppData\Local\Temp\cc15rgEN.s:2604   .debug_str:00000000000004a2 .LASF101
C:\Users\Jesper\AppData\Local\Temp\cc15rgEN.s:2712   .debug_str:0000000000000769 .LASF102
C:\Users\Jesper\AppData\Local\Temp\cc15rgEN.s:2670   .debug_str:000000000000067f .LASF103
C:\Users\Jesper\AppData\Local\Temp\cc15rgEN.s:2794   .debug_str:0000000000000912 .LASF104
C:\Users\Jesper\AppData\Local\Temp\cc15rgEN.s:2478   .debug_str:00000000000001f2 .LASF105
C:\Users\Jesper\AppData\Local\Temp\cc15rgEN.s:2416   .debug_str:0000000000000045 .LASF106
C:\Users\Jesper\AppData\Local\Temp\cc15rgEN.s:2406   .debug_str:0000000000000000 .LASF107
C:\Users\Jesper\AppData\Local\Temp\cc15rgEN.s:2732   .debug_str:00000000000007c1 .LASF108
C:\Users\Jesper\AppData\Local\Temp\cc15rgEN.s:2494   .debug_str:000000000000024a .LASF109
C:\Users\Jesper\AppData\Local\Temp\cc15rgEN.s:2632   .debug_str:00000000000005a3 .LASF110
C:\Users\Jesper\AppData\Local\Temp\cc15rgEN.s:2690   .debug_str:00000000000006e0 .LASF111
C:\Users\Jesper\AppData\Local\Temp\cc15rgEN.s:2526   .debug_str:0000000000000319 .LASF112
C:\Users\Jesper\AppData\Local\Temp\cc15rgEN.s:2672   .debug_str:0000000000000689 .LASF113
C:\Users\Jesper\AppData\Local\Temp\cc15rgEN.s:2470   .debug_str:00000000000001ce .LASF114
C:\Users\Jesper\AppData\Local\Temp\cc15rgEN.s:2728   .debug_str:00000000000007ae .LASF115
C:\Users\Jesper\AppData\Local\Temp\cc15rgEN.s:2682   .debug_str:00000000000006bd .LASF116
C:\Users\Jesper\AppData\Local\Temp\cc15rgEN.s:2492   .debug_str:0000000000000243 .LASF117
C:\Users\Jesper\AppData\Local\Temp\cc15rgEN.s:2770   .debug_str:000000000000089d .LASF118
C:\Users\Jesper\AppData\Local\Temp\cc15rgEN.s:2434   .debug_str:00000000000000bb .LASF119
C:\Users\Jesper\AppData\Local\Temp\cc15rgEN.s:2480   .debug_str:0000000000000200 .LASF120
C:\Users\Jesper\AppData\Local\Temp\cc15rgEN.s:2542   .debug_str:0000000000000365 .LASF121
C:\Users\Jesper\AppData\Local\Temp\cc15rgEN.s:2602   .debug_str:000000000000049b .LASF122
C:\Users\Jesper\AppData\Local\Temp\cc15rgEN.s:2742   .debug_str:00000000000007f7 .LASF123
C:\Users\Jesper\AppData\Local\Temp\cc15rgEN.s:2462   .debug_str:00000000000001a8 .LASF124
C:\Users\Jesper\AppData\Local\Temp\cc15rgEN.s:2468   .debug_str:00000000000001c8 .LASF125
C:\Users\Jesper\AppData\Local\Temp\cc15rgEN.s:2788   .debug_str:00000000000008fb .LASF126
C:\Users\Jesper\AppData\Local\Temp\cc15rgEN.s:2724   .debug_str:0000000000000799 .LASF127
C:\Users\Jesper\AppData\Local\Temp\cc15rgEN.s:2614   .debug_str:00000000000004d4 .LASF128
C:\Users\Jesper\AppData\Local\Temp\cc15rgEN.s:2562   .debug_str:00000000000003e2 .LASF129
C:\Users\Jesper\AppData\Local\Temp\cc15rgEN.s:2592   .debug_str:0000000000000470 .LASF130
C:\Users\Jesper\AppData\Local\Temp\cc15rgEN.s:2684   .debug_str:00000000000006c5 .LASF131
C:\Users\Jesper\AppData\Local\Temp\cc15rgEN.s:2674   .debug_str:0000000000000690 .LASF132
C:\Users\Jesper\AppData\Local\Temp\cc15rgEN.s:2702   .debug_str:0000000000000740 .LASF133
C:\Users\Jesper\AppData\Local\Temp\cc15rgEN.s:2720   .debug_str:000000000000078d .LASF134
C:\Users\Jesper\AppData\Local\Temp\cc15rgEN.s:2496   .debug_str:0000000000000252 .LASF135
C:\Users\Jesper\AppData\Local\Temp\cc15rgEN.s:2552   .debug_str:000000000000039e .LASF136
GAS LISTING C:\Users\Jesper\AppData\Local\Temp\cc15rgEN.s 			page 6


C:\Users\Jesper\AppData\Local\Temp\cc15rgEN.s:2534   .debug_str:000000000000033a .LASF137
C:\Users\Jesper\AppData\Local\Temp\cc15rgEN.s:2688   .debug_str:00000000000006db .LASF138
C:\Users\Jesper\AppData\Local\Temp\cc15rgEN.s:2420   .debug_str:0000000000000055 .LASF139
C:\Users\Jesper\AppData\Local\Temp\cc15rgEN.s:2696   .debug_str:00000000000006f7 .LASF140
C:\Users\Jesper\AppData\Local\Temp\cc15rgEN.s:2692   .debug_str:00000000000006e5 .LASF141
C:\Users\Jesper\AppData\Local\Temp\cc15rgEN.s:2634   .debug_str:00000000000005ab .LASF142
C:\Users\Jesper\AppData\Local\Temp\cc15rgEN.s:2694   .debug_str:00000000000006ed .LASF143
C:\Users\Jesper\AppData\Local\Temp\cc15rgEN.s:2580   .debug_str:000000000000043f .LASF144
C:\Users\Jesper\AppData\Local\Temp\cc15rgEN.s:2500   .debug_str:0000000000000266 .LASF145
C:\Users\Jesper\AppData\Local\Temp\cc15rgEN.s:2808   .debug_str:0000000000000966 .LASF146
C:\Users\Jesper\AppData\Local\Temp\cc15rgEN.s:2646   .debug_str:00000000000005fd .LASF147
C:\Users\Jesper\AppData\Local\Temp\cc15rgEN.s:2556   .debug_str:00000000000003b9 .LASF148
C:\Users\Jesper\AppData\Local\Temp\cc15rgEN.s:2510   .debug_str:00000000000002b3 .LASF149
C:\Users\Jesper\AppData\Local\Temp\cc15rgEN.s:2588   .debug_str:000000000000045f .LASF150
C:\Users\Jesper\AppData\Local\Temp\cc15rgEN.s:2424   .debug_str:000000000000006d .LASF151
C:\Users\Jesper\AppData\Local\Temp\cc15rgEN.s:2782   .debug_str:00000000000008d4 .LASF152
C:\Users\Jesper\AppData\Local\Temp\cc15rgEN.s:2488   .debug_str:0000000000000232 .LASF153
C:\Users\Jesper\AppData\Local\Temp\cc15rgEN.s:2476   .debug_str:00000000000001ed .LASF154
C:\Users\Jesper\AppData\Local\Temp\cc15rgEN.s:2722   .debug_str:0000000000000794 .LASF155
C:\Users\Jesper\AppData\Local\Temp\cc15rgEN.s:2678   .debug_str:00000000000006ab .LASF156
C:\Users\Jesper\AppData\Local\Temp\cc15rgEN.s:2774   .debug_str:00000000000008a8 .LASF157
C:\Users\Jesper\AppData\Local\Temp\cc15rgEN.s:2564   .debug_str:00000000000003e8 .LASF158
C:\Users\Jesper\AppData\Local\Temp\cc15rgEN.s:2660   .debug_str:000000000000064f .LASF159
C:\Users\Jesper\AppData\Local\Temp\cc15rgEN.s:2418   .debug_str:000000000000004d .LASF160
C:\Users\Jesper\AppData\Local\Temp\cc15rgEN.s:2704   .debug_str:0000000000000747 .LASF161
C:\Users\Jesper\AppData\Local\Temp\cc15rgEN.s:2594   .debug_str:0000000000000476 .LASF162
C:\Users\Jesper\AppData\Local\Temp\cc15rgEN.s:2752   .debug_str:0000000000000833 .LASF163
C:\Users\Jesper\AppData\Local\Temp\cc15rgEN.s:2764   .debug_str:0000000000000876 .LASF164
C:\Users\Jesper\AppData\Local\Temp\cc15rgEN.s:2466   .debug_str:00000000000001bb .LASF165
C:\Users\Jesper\AppData\Local\Temp\cc15rgEN.s:2572   .debug_str:0000000000000413 .LASF166
C:\Users\Jesper\AppData\Local\Temp\cc15rgEN.s:2796   .debug_str:000000000000091d .LASF167
C:\Users\Jesper\AppData\Local\Temp\cc15rgEN.s:2636   .debug_str:00000000000005b6 .LASF168
C:\Users\Jesper\AppData\Local\Temp\cc15rgEN.s:2566   .debug_str:00000000000003ef .LASF169
C:\Users\Jesper\AppData\Local\Temp\cc15rgEN.s:2800   .debug_str:000000000000093f .LASF170
C:\Users\Jesper\AppData\Local\Temp\cc15rgEN.s:2686   .debug_str:00000000000006ce .LASF171
C:\Users\Jesper\AppData\Local\Temp\cc15rgEN.s:2806   .debug_str:0000000000000958 .LASF172
C:\Users\Jesper\AppData\Local\Temp\cc15rgEN.s:2454   .debug_str:000000000000017c .LASF173
C:\Users\Jesper\AppData\Local\Temp\cc15rgEN.s:2780   .debug_str:00000000000008ca .LASF174
C:\Users\Jesper\AppData\Local\Temp\cc15rgEN.s:2570   .debug_str:0000000000000407 .LASF175
C:\Users\Jesper\AppData\Local\Temp\cc15rgEN.s:2758   .debug_str:000000000000084d .LASF176
C:\Users\Jesper\AppData\Local\Temp\cc15rgEN.s:2520   .debug_str:00000000000002e6 .LASF177
C:\Users\Jesper\AppData\Local\Temp\cc15rgEN.s:2446   .debug_str:0000000000000135 .LASF178
C:\Users\Jesper\AppData\Local\Temp\cc15rgEN.s:2540   .debug_str:0000000000000354 .LASF179
C:\Users\Jesper\AppData\Local\Temp\cc15rgEN.s:2426   .debug_str:0000000000000076 .LASF180
C:\Users\Jesper\AppData\Local\Temp\cc15rgEN.s:2428   .debug_str:0000000000000085 .LASF181
C:\Users\Jesper\AppData\Local\Temp\cc15rgEN.s:2666   .debug_str:000000000000066d .LASF182
C:\Users\Jesper\AppData\Local\Temp\cc15rgEN.s:2620   .debug_str:00000000000004ef .LASF183
C:\Users\Jesper\AppData\Local\Temp\cc15rgEN.s:2608   .debug_str:00000000000004b1 .LASF184
C:\Users\Jesper\AppData\Local\Temp\cc15rgEN.s:2790   .debug_str:0000000000000901 .LASF185
C:\Users\Jesper\AppData\Local\Temp\cc15rgEN.s:2440   .debug_str:00000000000000e2 .LASF203
C:\Users\Jesper\AppData\Local\Temp\cc15rgEN.s:2532   .debug_str:000000000000032e .LASF187
C:\Users\Jesper\AppData\Local\Temp\cc15rgEN.s:2760   .debug_str:000000000000085a .LASF188
C:\Users\Jesper\AppData\Local\Temp\cc15rgEN.s:2586   .debug_str:0000000000000457 .LASF189
C:\Users\Jesper\AppData\Local\Temp\cc15rgEN.s:2612   .debug_str:00000000000004cd .LASF190
C:\Users\Jesper\AppData\Local\Temp\cc15rgEN.s:2616   .debug_str:00000000000004dc .LASF191
C:\Users\Jesper\AppData\Local\Temp\cc15rgEN.s:2596   .debug_str:000000000000047c .LASF192
C:\Users\Jesper\AppData\Local\Temp\cc15rgEN.s:2802   .debug_str:0000000000000944 .LASF193
GAS LISTING C:\Users\Jesper\AppData\Local\Temp\cc15rgEN.s 			page 7


C:\Users\Jesper\AppData\Local\Temp\cc15rgEN.s:2600   .debug_str:0000000000000492 .LASF194
C:\Users\Jesper\AppData\Local\Temp\cc15rgEN.s:2652   .debug_str:0000000000000625 .LASF204
C:\Users\Jesper\AppData\Local\Temp\cc15rgEN.s:53     .text._fini:0000000000000000 .LFB6
C:\Users\Jesper\AppData\Local\Temp\cc15rgEN.s:59     .text._fini:0000000000000002 .LFE6
C:\Users\Jesper\AppData\Local\Temp\cc15rgEN.s:2718   .debug_str:0000000000000787 .LASF205
C:\Users\Jesper\AppData\Local\Temp\cc15rgEN.s:14     .text._init:0000000000000000 .LFB5
C:\Users\Jesper\AppData\Local\Temp\cc15rgEN.s:46     .text._init:000000000000002c .LFE5
C:\Users\Jesper\AppData\Local\Temp\cc15rgEN.s:2363   .debug_loc:0000000000000000 .LLST0
C:\Users\Jesper\AppData\Local\Temp\cc15rgEN.s:27     .text._init:000000000000000c .LVL0
C:\Users\Jesper\AppData\Local\Temp\cc15rgEN.s:31     .text._init:0000000000000018 .LVL1
C:\Users\Jesper\AppData\Local\Temp\cc15rgEN.s:34     .text._init:0000000000000020 .LVL2
C:\Users\Jesper\AppData\Local\Temp\cc15rgEN.s:44     .text._init:000000000000002c .LVL3
C:\Users\Jesper\AppData\Local\Temp\cc15rgEN.s:2654   .debug_str:000000000000062b .LASF195
C:\Users\Jesper\AppData\Local\Temp\cc15rgEN.s:2436   .debug_str:00000000000000c4 .LASF196
C:\Users\Jesper\AppData\Local\Temp\cc15rgEN.s:2484   .debug_str:0000000000000214 .LASF197
C:\Users\Jesper\AppData\Local\Temp\cc15rgEN.s:2452   .debug_str:0000000000000164 .LASF198
C:\Users\Jesper\AppData\Local\Temp\cc15rgEN.s:21     .text._init:0000000000000002 .LCFI0
C:\Users\Jesper\AppData\Local\Temp\cc15rgEN.s:40     .text._init:0000000000000024 .LCFI1
C:\Users\Jesper\AppData\Local\Temp\cc15rgEN.s:74     .debug_info:0000000000000000 .Ldebug_info0

UNDEFINED SYMBOLS
SystemInit
eclic_init
eclic_mode_enable
disable_mcycle_minstret
