GAS LISTING C:\Users\Jesper\AppData\Local\Temp\cc5s8v0F.s 			page 1


   1              		.file	"lseek.c"
   2              		.option nopic
   3              		.attribute arch, "rv32i2p0_m2p0_a2p0_c2p0"
   4              		.attribute unaligned_access, 0
   5              		.attribute stack_align, 16
   6              		.text
   7              	.Ltext0:
   8              		.cfi_sections	.debug_frame
   9              		.section	.text._lseek,"ax",@progbits
  10              		.align	1
  11              		.globl	_lseek
  13              	_lseek:
  14              	.LFB1:
  15              		.file 1 "../../firmware/RISCV/stubs/lseek.c"
   1:../../firmware/RISCV/stubs/lseek.c **** /* See LICENSE of license details. */
   2:../../firmware/RISCV/stubs/lseek.c **** 
   3:../../firmware/RISCV/stubs/lseek.c **** #include <errno.h>
   4:../../firmware/RISCV/stubs/lseek.c **** #include <unistd.h>
   5:../../firmware/RISCV/stubs/lseek.c **** #include <sys/types.h>
   6:../../firmware/RISCV/stubs/lseek.c **** #include "stub.h"
   7:../../firmware/RISCV/stubs/lseek.c **** 
   8:../../firmware/RISCV/stubs/lseek.c **** off_t _lseek(int fd, off_t ptr, int dir)
   9:../../firmware/RISCV/stubs/lseek.c **** {
  16              		.loc 1 9 1
  17              		.cfi_startproc
  18              	.LVL0:
  10:../../firmware/RISCV/stubs/lseek.c ****   if (isatty(fd))
  19              		.loc 1 10 3
   9:../../firmware/RISCV/stubs/lseek.c ****   if (isatty(fd))
  20              		.loc 1 9 1 is_stmt 0
  21 0000 4111     		addi	sp,sp,-16
  22              	.LCFI0:
  23              		.cfi_def_cfa_offset 16
  24 0002 06C6     		sw	ra,12(sp)
  25              		.cfi_offset 1, -4
  26              		.loc 1 10 7
  27 0004 97000000 		call	isatty
  27      E7800000 
  28              	.LVL1:
  11:../../firmware/RISCV/stubs/lseek.c ****     return 0;
  12:../../firmware/RISCV/stubs/lseek.c **** 
  13:../../firmware/RISCV/stubs/lseek.c ****   return _stub(EBADF);
  14:../../firmware/RISCV/stubs/lseek.c **** }
  29              		.loc 1 14 1
  30 000c B240     		lw	ra,12(sp)
  31              		.cfi_restore 1
  10:../../firmware/RISCV/stubs/lseek.c ****     return 0;
  32              		.loc 1 10 6
  33 000e 13351500 		seqz	a0,a0
  34              		.loc 1 14 1
  35 0012 3305A040 		neg	a0,a0
  36 0016 4101     		addi	sp,sp,16
  37              	.LCFI1:
  38              		.cfi_def_cfa_offset 0
  39 0018 8280     		jr	ra
  40              		.cfi_endproc
  41              	.LFE1:
GAS LISTING C:\Users\Jesper\AppData\Local\Temp\cc5s8v0F.s 			page 2


  43              		.text
  44              	.Letext0:
  45              		.file 2 "c:\\toolchain-gd32v-win-001\\toolchain-gd32v-win\\compiler\\lib\\gcc\\riscv64-unknown-elf
  46              		.file 3 "c:\\toolchain-gd32v-win-001\\toolchain-gd32v-win\\compiler\\riscv64-unknown-elf\\include\
  47              		.file 4 "c:\\toolchain-gd32v-win-001\\toolchain-gd32v-win\\compiler\\riscv64-unknown-elf\\include\
  48              		.file 5 "c:\\toolchain-gd32v-win-001\\toolchain-gd32v-win\\compiler\\riscv64-unknown-elf\\include\
  49              		.file 6 "c:\\toolchain-gd32v-win-001\\toolchain-gd32v-win\\compiler\\riscv64-unknown-elf\\include\
  50              		.file 7 "c:\\toolchain-gd32v-win-001\\toolchain-gd32v-win\\compiler\\riscv64-unknown-elf\\include\
  51              		.file 8 "c:\\toolchain-gd32v-win-001\\toolchain-gd32v-win\\compiler\\riscv64-unknown-elf\\include\
  52              		.file 9 "../../firmware/RISCV/stubs/stub.h"
GAS LISTING C:\Users\Jesper\AppData\Local\Temp\cc5s8v0F.s 			page 3


DEFINED SYMBOLS
                            *ABS*:0000000000000000 lseek.c
C:\Users\Jesper\AppData\Local\Temp\cc5s8v0F.s:13     .text._lseek:0000000000000000 _lseek
C:\Users\Jesper\AppData\Local\Temp\cc5s8v0F.s:17     .text._lseek:0000000000000000 .L0 
C:\Users\Jesper\AppData\Local\Temp\cc5s8v0F.s:19     .text._lseek:0000000000000000 .L0 
C:\Users\Jesper\AppData\Local\Temp\cc5s8v0F.s:20     .text._lseek:0000000000000000 .L0 
C:\Users\Jesper\AppData\Local\Temp\cc5s8v0F.s:21     .text._lseek:0000000000000000 .L0 
C:\Users\Jesper\AppData\Local\Temp\cc5s8v0F.s:23     .text._lseek:0000000000000002 .L0 
C:\Users\Jesper\AppData\Local\Temp\cc5s8v0F.s:25     .text._lseek:0000000000000004 .L0 
C:\Users\Jesper\AppData\Local\Temp\cc5s8v0F.s:27     .text._lseek:0000000000000004 .L0 
C:\Users\Jesper\AppData\Local\Temp\cc5s8v0F.s:30     .text._lseek:000000000000000c .L0 
C:\Users\Jesper\AppData\Local\Temp\cc5s8v0F.s:31     .text._lseek:000000000000000e .L0 
C:\Users\Jesper\AppData\Local\Temp\cc5s8v0F.s:33     .text._lseek:000000000000000e .L0 
C:\Users\Jesper\AppData\Local\Temp\cc5s8v0F.s:35     .text._lseek:0000000000000012 .L0 
C:\Users\Jesper\AppData\Local\Temp\cc5s8v0F.s:38     .text._lseek:0000000000000018 .L0 
C:\Users\Jesper\AppData\Local\Temp\cc5s8v0F.s:40     .text._lseek:000000000000001a .L0 
C:\Users\Jesper\AppData\Local\Temp\cc5s8v0F.s:43     .text._lseek:000000000000001a .L0 
                     .debug_frame:0000000000000000 .L0 
C:\Users\Jesper\AppData\Local\Temp\cc5s8v0F.s:1600   .debug_abbrev:0000000000000000 .Ldebug_abbrev0
C:\Users\Jesper\AppData\Local\Temp\cc5s8v0F.s:2361   .debug_str:000000000000030c .LASF130
C:\Users\Jesper\AppData\Local\Temp\cc5s8v0F.s:2319   .debug_str:0000000000000237 .LASF131
C:\Users\Jesper\AppData\Local\Temp\cc5s8v0F.s:2237   .debug_str:0000000000000085 .LASF132
C:\Users\Jesper\AppData\Local\Temp\cc5s8v0F.s:2205   .debug_ranges:0000000000000000 .Ldebug_ranges0
C:\Users\Jesper\AppData\Local\Temp\cc5s8v0F.s:2211   .debug_line:0000000000000000 .Ldebug_line0
C:\Users\Jesper\AppData\Local\Temp\cc5s8v0F.s:2305   .debug_str:00000000000001f5 .LASF0
C:\Users\Jesper\AppData\Local\Temp\cc5s8v0F.s:2247   .debug_str:00000000000000ee .LASF1
C:\Users\Jesper\AppData\Local\Temp\cc5s8v0F.s:2355   .debug_str:00000000000002f2 .LASF2
C:\Users\Jesper\AppData\Local\Temp\cc5s8v0F.s:2339   .debug_str:00000000000002b3 .LASF10
C:\Users\Jesper\AppData\Local\Temp\cc5s8v0F.s:2249   .debug_str:00000000000000fc .LASF3
C:\Users\Jesper\AppData\Local\Temp\cc5s8v0F.s:2375   .debug_str:00000000000003c5 .LASF4
C:\Users\Jesper\AppData\Local\Temp\cc5s8v0F.s:2381   .debug_str:00000000000003e1 .LASF5
C:\Users\Jesper\AppData\Local\Temp\cc5s8v0F.s:2325   .debug_str:0000000000000268 .LASF6
C:\Users\Jesper\AppData\Local\Temp\cc5s8v0F.s:2265   .debug_str:0000000000000141 .LASF7
C:\Users\Jesper\AppData\Local\Temp\cc5s8v0F.s:2313   .debug_str:0000000000000219 .LASF8
C:\Users\Jesper\AppData\Local\Temp\cc5s8v0F.s:2231   .debug_str:000000000000005a .LASF9
C:\Users\Jesper\AppData\Local\Temp\cc5s8v0F.s:2369   .debug_str:00000000000003a2 .LASF11
C:\Users\Jesper\AppData\Local\Temp\cc5s8v0F.s:2215   .debug_str:000000000000000c .LASF12
C:\Users\Jesper\AppData\Local\Temp\cc5s8v0F.s:2427   .debug_str:00000000000004b3 .LASF13
C:\Users\Jesper\AppData\Local\Temp\cc5s8v0F.s:2461   .debug_str:0000000000000548 .LASF14
C:\Users\Jesper\AppData\Local\Temp\cc5s8v0F.s:2335   .debug_str:00000000000002a5 .LASF15
C:\Users\Jesper\AppData\Local\Temp\cc5s8v0F.s:2307   .debug_str:0000000000000202 .LASF16
C:\Users\Jesper\AppData\Local\Temp\cc5s8v0F.s:2419   .debug_str:0000000000000491 .LASF17
C:\Users\Jesper\AppData\Local\Temp\cc5s8v0F.s:2421   .debug_str:0000000000000499 .LASF18
C:\Users\Jesper\AppData\Local\Temp\cc5s8v0F.s:2391   .debug_str:0000000000000409 .LASF19
C:\Users\Jesper\AppData\Local\Temp\cc5s8v0F.s:2447   .debug_str:00000000000004fe .LASF20
C:\Users\Jesper\AppData\Local\Temp\cc5s8v0F.s:2373   .debug_str:00000000000003b3 .LASF21
C:\Users\Jesper\AppData\Local\Temp\cc5s8v0F.s:2291   .debug_str:00000000000001b8 .LASF22
C:\Users\Jesper\AppData\Local\Temp\cc5s8v0F.s:2295   .debug_str:00000000000001c9 .LASF27
C:\Users\Jesper\AppData\Local\Temp\cc5s8v0F.s:2439   .debug_str:00000000000004dd .LASF23
C:\Users\Jesper\AppData\Local\Temp\cc5s8v0F.s:2413   .debug_str:000000000000047c .LASF24
C:\Users\Jesper\AppData\Local\Temp\cc5s8v0F.s:2289   .debug_str:00000000000001b2 .LASF25
C:\Users\Jesper\AppData\Local\Temp\cc5s8v0F.s:2455   .debug_str:0000000000000533 .LASF26
C:\Users\Jesper\AppData\Local\Temp\cc5s8v0F.s:2303   .debug_str:00000000000001f0 .LASF28
C:\Users\Jesper\AppData\Local\Temp\cc5s8v0F.s:2245   .debug_str:00000000000000e5 .LASF29
C:\Users\Jesper\AppData\Local\Temp\cc5s8v0F.s:2433   .debug_str:00000000000004c7 .LASF30
C:\Users\Jesper\AppData\Local\Temp\cc5s8v0F.s:2255   .debug_str:0000000000000114 .LASF31
C:\Users\Jesper\AppData\Local\Temp\cc5s8v0F.s:2485   .debug_str:00000000000005b3 .LASF32
GAS LISTING C:\Users\Jesper\AppData\Local\Temp\cc5s8v0F.s 			page 4


C:\Users\Jesper\AppData\Local\Temp\cc5s8v0F.s:2363   .debug_str:0000000000000386 .LASF33
C:\Users\Jesper\AppData\Local\Temp\cc5s8v0F.s:2349   .debug_str:00000000000002d8 .LASF34
C:\Users\Jesper\AppData\Local\Temp\cc5s8v0F.s:2457   .debug_str:0000000000000538 .LASF35
C:\Users\Jesper\AppData\Local\Temp\cc5s8v0F.s:2383   .debug_str:00000000000003eb .LASF36
C:\Users\Jesper\AppData\Local\Temp\cc5s8v0F.s:2471   .debug_str:0000000000000573 .LASF37
C:\Users\Jesper\AppData\Local\Temp\cc5s8v0F.s:2259   .debug_str:0000000000000123 .LASF38
C:\Users\Jesper\AppData\Local\Temp\cc5s8v0F.s:2285   .debug_str:00000000000001a5 .LASF39
C:\Users\Jesper\AppData\Local\Temp\cc5s8v0F.s:2213   .debug_str:0000000000000000 .LASF40
C:\Users\Jesper\AppData\Local\Temp\cc5s8v0F.s:2443   .debug_str:00000000000004f0 .LASF41
C:\Users\Jesper\AppData\Local\Temp\cc5s8v0F.s:2269   .debug_str:0000000000000151 .LASF42
C:\Users\Jesper\AppData\Local\Temp\cc5s8v0F.s:2365   .debug_str:000000000000038f .LASF43
C:\Users\Jesper\AppData\Local\Temp\cc5s8v0F.s:2405   .debug_str:000000000000044c .LASF44
C:\Users\Jesper\AppData\Local\Temp\cc5s8v0F.s:2287   .debug_str:00000000000001ad .LASF45
C:\Users\Jesper\AppData\Local\Temp\cc5s8v0F.s:2385   .debug_str:00000000000003f5 .LASF46
C:\Users\Jesper\AppData\Local\Temp\cc5s8v0F.s:2253   .debug_str:000000000000010e .LASF47
C:\Users\Jesper\AppData\Local\Temp\cc5s8v0F.s:2219   .debug_str:000000000000001b .LASF48
C:\Users\Jesper\AppData\Local\Temp\cc5s8v0F.s:2393   .debug_str:0000000000000414 .LASF49
C:\Users\Jesper\AppData\Local\Temp\cc5s8v0F.s:2267   .debug_str:000000000000014a .LASF50
C:\Users\Jesper\AppData\Local\Temp\cc5s8v0F.s:2315   .debug_str:000000000000022b .LASF51
C:\Users\Jesper\AppData\Local\Temp\cc5s8v0F.s:2233   .debug_str:0000000000000071 .LASF52
C:\Users\Jesper\AppData\Local\Temp\cc5s8v0F.s:2261   .debug_str:0000000000000131 .LASF53
C:\Users\Jesper\AppData\Local\Temp\cc5s8v0F.s:2299   .debug_str:00000000000001e0 .LASF54
C:\Users\Jesper\AppData\Local\Temp\cc5s8v0F.s:2347   .debug_str:00000000000002d1 .LASF55
C:\Users\Jesper\AppData\Local\Temp\cc5s8v0F.s:2423   .debug_str:00000000000004a1 .LASF56
C:\Users\Jesper\AppData\Local\Temp\cc5s8v0F.s:2475   .debug_str:000000000000058d .LASF57
C:\Users\Jesper\AppData\Local\Temp\cc5s8v0F.s:2251   .debug_str:0000000000000108 .LASF58
C:\Users\Jesper\AppData\Local\Temp\cc5s8v0F.s:2467   .debug_str:0000000000000565 .LASF59
C:\Users\Jesper\AppData\Local\Temp\cc5s8v0F.s:2273   .debug_str:0000000000000160 .LASF60
C:\Users\Jesper\AppData\Local\Temp\cc5s8v0F.s:2279   .debug_str:000000000000017e .LASF61
C:\Users\Jesper\AppData\Local\Temp\cc5s8v0F.s:2225   .debug_str:0000000000000034 .LASF62
C:\Users\Jesper\AppData\Local\Temp\cc5s8v0F.s:2341   .debug_str:00000000000002ba .LASF63
C:\Users\Jesper\AppData\Local\Temp\cc5s8v0F.s:2397   .debug_str:0000000000000426 .LASF64
C:\Users\Jesper\AppData\Local\Temp\cc5s8v0F.s:2343   .debug_str:00000000000002c0 .LASF65
C:\Users\Jesper\AppData\Local\Temp\cc5s8v0F.s:2415   .debug_str:0000000000000484 .LASF66
C:\Users\Jesper\AppData\Local\Temp\cc5s8v0F.s:2429   .debug_str:00000000000004bb .LASF67
C:\Users\Jesper\AppData\Local\Temp\cc5s8v0F.s:2271   .debug_str:0000000000000159 .LASF68
C:\Users\Jesper\AppData\Local\Temp\cc5s8v0F.s:2309   .debug_str:0000000000000209 .LASF69
C:\Users\Jesper\AppData\Local\Temp\cc5s8v0F.s:2293   .debug_str:00000000000001c1 .LASF70
C:\Users\Jesper\AppData\Local\Temp\cc5s8v0F.s:2403   .debug_str:0000000000000447 .LASF71
C:\Users\Jesper\AppData\Local\Temp\cc5s8v0F.s:2223   .debug_str:0000000000000029 .LASF72
C:\Users\Jesper\AppData\Local\Temp\cc5s8v0F.s:2411   .debug_str:0000000000000463 .LASF73
C:\Users\Jesper\AppData\Local\Temp\cc5s8v0F.s:2407   .debug_str:0000000000000451 .LASF74
C:\Users\Jesper\AppData\Local\Temp\cc5s8v0F.s:2367   .debug_str:0000000000000397 .LASF75
C:\Users\Jesper\AppData\Local\Temp\cc5s8v0F.s:2409   .debug_str:0000000000000459 .LASF76
C:\Users\Jesper\AppData\Local\Temp\cc5s8v0F.s:2333   .debug_str:000000000000029d .LASF77
C:\Users\Jesper\AppData\Local\Temp\cc5s8v0F.s:2301   .debug_str:00000000000001e6 .LASF78
C:\Users\Jesper\AppData\Local\Temp\cc5s8v0F.s:2483   .debug_str:00000000000005ae .LASF79
C:\Users\Jesper\AppData\Local\Temp\cc5s8v0F.s:2371   .debug_str:00000000000003a9 .LASF80
C:\Users\Jesper\AppData\Local\Temp\cc5s8v0F.s:2311   .debug_str:0000000000000211 .LASF81
C:\Users\Jesper\AppData\Local\Temp\cc5s8v0F.s:2277   .debug_str:0000000000000176 .LASF82
C:\Users\Jesper\AppData\Local\Temp\cc5s8v0F.s:2377   .debug_str:00000000000003d3 .LASF83
C:\Users\Jesper\AppData\Local\Temp\cc5s8v0F.s:2327   .debug_str:000000000000027b .LASF84
C:\Users\Jesper\AppData\Local\Temp\cc5s8v0F.s:2465   .debug_str:000000000000055b .LASF85
C:\Users\Jesper\AppData\Local\Temp\cc5s8v0F.s:2263   .debug_str:0000000000000139 .LASF86
C:\Users\Jesper\AppData\Local\Temp\cc5s8v0F.s:2257   .debug_str:000000000000011e .LASF87
C:\Users\Jesper\AppData\Local\Temp\cc5s8v0F.s:2431   .debug_str:00000000000004c2 .LASF88
C:\Users\Jesper\AppData\Local\Temp\cc5s8v0F.s:2389   .debug_str:0000000000000402 .LASF89
GAS LISTING C:\Users\Jesper\AppData\Local\Temp\cc5s8v0F.s 			page 5


C:\Users\Jesper\AppData\Local\Temp\cc5s8v0F.s:2459   .debug_str:0000000000000542 .LASF90
C:\Users\Jesper\AppData\Local\Temp\cc5s8v0F.s:2321   .debug_str:000000000000025a .LASF91
C:\Users\Jesper\AppData\Local\Temp\cc5s8v0F.s:2387   .debug_str:00000000000003fc .LASF92
C:\Users\Jesper\AppData\Local\Temp\cc5s8v0F.s:2221   .debug_str:0000000000000021 .LASF93
C:\Users\Jesper\AppData\Local\Temp\cc5s8v0F.s:2417   .debug_str:000000000000048b .LASF94
C:\Users\Jesper\AppData\Local\Temp\cc5s8v0F.s:2437   .debug_str:00000000000004d7 .LASF95
C:\Users\Jesper\AppData\Local\Temp\cc5s8v0F.s:2445   .debug_str:00000000000004f9 .LASF96
C:\Users\Jesper\AppData\Local\Temp\cc5s8v0F.s:2453   .debug_str:0000000000000526 .LASF97
C:\Users\Jesper\AppData\Local\Temp\cc5s8v0F.s:2441   .debug_str:00000000000004e3 .LASF98
C:\Users\Jesper\AppData\Local\Temp\cc5s8v0F.s:2331   .debug_str:0000000000000290 .LASF99
C:\Users\Jesper\AppData\Local\Temp\cc5s8v0F.s:2473   .debug_str:000000000000057e .LASF100
C:\Users\Jesper\AppData\Local\Temp\cc5s8v0F.s:2297   .debug_str:00000000000001d1 .LASF101
C:\Users\Jesper\AppData\Local\Temp\cc5s8v0F.s:2399   .debug_str:000000000000042f .LASF102
C:\Users\Jesper\AppData\Local\Temp\cc5s8v0F.s:2477   .debug_str:0000000000000594 .LASF103
C:\Users\Jesper\AppData\Local\Temp\cc5s8v0F.s:2401   .debug_str:000000000000043a .LASF104
C:\Users\Jesper\AppData\Local\Temp\cc5s8v0F.s:2481   .debug_str:00000000000005a0 .LASF105
C:\Users\Jesper\AppData\Local\Temp\cc5s8v0F.s:2243   .debug_str:00000000000000d7 .LASF106
C:\Users\Jesper\AppData\Local\Temp\cc5s8v0F.s:2463   .debug_str:0000000000000551 .LASF107
C:\Users\Jesper\AppData\Local\Temp\cc5s8v0F.s:2329   .debug_str:0000000000000284 .LASF108
C:\Users\Jesper\AppData\Local\Temp\cc5s8v0F.s:2449   .debug_str:0000000000000506 .LASF109
C:\Users\Jesper\AppData\Local\Temp\cc5s8v0F.s:2283   .debug_str:0000000000000197 .LASF110
C:\Users\Jesper\AppData\Local\Temp\cc5s8v0F.s:2241   .debug_str:00000000000000c8 .LASF111
C:\Users\Jesper\AppData\Local\Temp\cc5s8v0F.s:2281   .debug_str:0000000000000186 .LASF112
C:\Users\Jesper\AppData\Local\Temp\cc5s8v0F.s:2227   .debug_str:000000000000003a .LASF113
C:\Users\Jesper\AppData\Local\Temp\cc5s8v0F.s:2229   .debug_str:0000000000000049 .LASF114
C:\Users\Jesper\AppData\Local\Temp\cc5s8v0F.s:2379   .debug_str:00000000000003d8 .LASF115
C:\Users\Jesper\AppData\Local\Temp\cc5s8v0F.s:2359   .debug_str:0000000000000305 .LASF116
C:\Users\Jesper\AppData\Local\Temp\cc5s8v0F.s:2351   .debug_str:00000000000002e2 .LASF117
C:\Users\Jesper\AppData\Local\Temp\cc5s8v0F.s:2469   .debug_str:000000000000056b .LASF118
C:\Users\Jesper\AppData\Local\Temp\cc5s8v0F.s:2235   .debug_str:000000000000007a .LASF133
C:\Users\Jesper\AppData\Local\Temp\cc5s8v0F.s:2425   .debug_str:00000000000004a7 .LASF119
C:\Users\Jesper\AppData\Local\Temp\cc5s8v0F.s:2451   .debug_str:0000000000000513 .LASF120
C:\Users\Jesper\AppData\Local\Temp\cc5s8v0F.s:2275   .debug_str:0000000000000169 .LASF121
C:\Users\Jesper\AppData\Local\Temp\cc5s8v0F.s:2395   .debug_str:000000000000041c .LASF122
C:\Users\Jesper\AppData\Local\Temp\cc5s8v0F.s:2317   .debug_str:0000000000000231 .LASF123
C:\Users\Jesper\AppData\Local\Temp\cc5s8v0F.s:2337   .debug_str:00000000000002ab .LASF124
C:\Users\Jesper\AppData\Local\Temp\cc5s8v0F.s:2353   .debug_str:00000000000002eb .LASF125
C:\Users\Jesper\AppData\Local\Temp\cc5s8v0F.s:2357   .debug_str:00000000000002fe .LASF126
C:\Users\Jesper\AppData\Local\Temp\cc5s8v0F.s:2435   .debug_str:00000000000004d0 .LASF127
C:\Users\Jesper\AppData\Local\Temp\cc5s8v0F.s:2479   .debug_str:0000000000000599 .LASF128
C:\Users\Jesper\AppData\Local\Temp\cc5s8v0F.s:2345   .debug_str:00000000000002c8 .LASF129
C:\Users\Jesper\AppData\Local\Temp\cc5s8v0F.s:2323   .debug_str:0000000000000261 .LASF134
C:\Users\Jesper\AppData\Local\Temp\cc5s8v0F.s:14     .text._lseek:0000000000000000 .LFB1
C:\Users\Jesper\AppData\Local\Temp\cc5s8v0F.s:41     .text._lseek:000000000000001a .LFE1
C:\Users\Jesper\AppData\Local\Temp\cc5s8v0F.s:2132   .debug_loc:0000000000000000 .LLST0
C:\Users\Jesper\AppData\Local\Temp\cc5s8v0F.s:2150   .debug_loc:000000000000002c .LLST1
C:\Users\Jesper\AppData\Local\Temp\cc5s8v0F.s:2164   .debug_loc:000000000000004d .LLST2
C:\Users\Jesper\AppData\Local\Temp\cc5s8v0F.s:2178   .debug_loc:000000000000006e .LLST3
C:\Users\Jesper\AppData\Local\Temp\cc5s8v0F.s:28     .text._lseek:000000000000000c .LVL1
C:\Users\Jesper\AppData\Local\Temp\cc5s8v0F.s:2239   .debug_str:00000000000000c2 .LASF135
C:\Users\Jesper\AppData\Local\Temp\cc5s8v0F.s:2217   .debug_str:0000000000000014 .LASF136
C:\Users\Jesper\AppData\Local\Temp\cc5s8v0F.s:22     .text._lseek:0000000000000002 .LCFI0
C:\Users\Jesper\AppData\Local\Temp\cc5s8v0F.s:37     .text._lseek:0000000000000018 .LCFI1
C:\Users\Jesper\AppData\Local\Temp\cc5s8v0F.s:18     .text._lseek:0000000000000000 .LVL0
C:\Users\Jesper\AppData\Local\Temp\cc5s8v0F.s:54     .debug_info:0000000000000000 .Ldebug_info0

UNDEFINED SYMBOLS
GAS LISTING C:\Users\Jesper\AppData\Local\Temp\cc5s8v0F.s 			page 6


isatty
