GAS LISTING C:\Users\Jesper\AppData\Local\Temp\cc4zR38P.s 			page 1


   1              		.file	"read.c"
   2              		.option nopic
   3              		.attribute arch, "rv32i2p0_m2p0_a2p0_c2p0"
   4              		.attribute unaligned_access, 0
   5              		.attribute stack_align, 16
   6              		.text
   7              	.Ltext0:
   8              		.cfi_sections	.debug_frame
   9              		.section	.text._read,"ax",@progbits
  10              		.align	1
  11              		.globl	_read
  13              	_read:
  14              	.LFB1:
  15              		.file 1 "../../firmware/RISCV/stubs/read.c"
   1:../../firmware/RISCV/stubs/read.c **** /* See LICENSE of license details. */
   2:../../firmware/RISCV/stubs/read.c **** 
   3:../../firmware/RISCV/stubs/read.c **** #include <stdint.h>
   4:../../firmware/RISCV/stubs/read.c **** #include <errno.h>
   5:../../firmware/RISCV/stubs/read.c **** #include <unistd.h>
   6:../../firmware/RISCV/stubs/read.c **** #include <sys/types.h>
   7:../../firmware/RISCV/stubs/read.c **** 
   8:../../firmware/RISCV/stubs/read.c **** #include "stub.h"
   9:../../firmware/RISCV/stubs/read.c **** 
  10:../../firmware/RISCV/stubs/read.c **** ssize_t _read(int fd, void* ptr, size_t len)
  11:../../firmware/RISCV/stubs/read.c **** {
  16              		.loc 1 11 1
  17              		.cfi_startproc
  18              	.LVL0:
  12:../../firmware/RISCV/stubs/read.c ****   return _stub(EBADF);
  19              		.loc 1 12 3
  20              		.file 2 "../../firmware/RISCV/stubs/stub.h"
   1:../../firmware/RISCV/stubs/stub.h **** /* See LICENSE of license details. */
   2:../../firmware/RISCV/stubs/stub.h **** #ifndef _NUCLEI_SYS_STUB_H
   3:../../firmware/RISCV/stubs/stub.h **** #define _NUCLEI_SYS_STUB_H
   4:../../firmware/RISCV/stubs/stub.h **** 
   5:../../firmware/RISCV/stubs/stub.h **** #include <stdint.h>
   6:../../firmware/RISCV/stubs/stub.h **** #if   defined (__GNUC__)
   7:../../firmware/RISCV/stubs/stub.h **** #include <unistd.h>
   8:../../firmware/RISCV/stubs/stub.h **** #endif
   9:../../firmware/RISCV/stubs/stub.h **** 
  10:../../firmware/RISCV/stubs/stub.h **** void write_hex(int fd, unsigned long int hex);
  11:../../firmware/RISCV/stubs/stub.h **** 
  12:../../firmware/RISCV/stubs/stub.h **** static inline int _stub(int err)
  13:../../firmware/RISCV/stubs/stub.h **** {
  14:../../firmware/RISCV/stubs/stub.h ****   return -1;
  21              		.loc 2 14 3
  13:../../firmware/RISCV/stubs/read.c **** }
  22              		.loc 1 13 1 is_stmt 0
  23 0000 7D55     		li	a0,-1
  24              	.LVL1:
  25 0002 8280     		ret
  26              		.cfi_endproc
  27              	.LFE1:
  29              		.text
  30              	.Letext0:
  31              		.file 3 "c:\\toolchain-gd32v-win-001\\toolchain-gd32v-win\\compiler\\lib\\gcc\\riscv64-unknown-elf
  32              		.file 4 "c:\\toolchain-gd32v-win-001\\toolchain-gd32v-win\\compiler\\riscv64-unknown-elf\\include\
GAS LISTING C:\Users\Jesper\AppData\Local\Temp\cc4zR38P.s 			page 2


  33              		.file 5 "c:\\toolchain-gd32v-win-001\\toolchain-gd32v-win\\compiler\\riscv64-unknown-elf\\include\
  34              		.file 6 "c:\\toolchain-gd32v-win-001\\toolchain-gd32v-win\\compiler\\riscv64-unknown-elf\\include\
  35              		.file 7 "c:\\toolchain-gd32v-win-001\\toolchain-gd32v-win\\compiler\\riscv64-unknown-elf\\include\
  36              		.file 8 "c:\\toolchain-gd32v-win-001\\toolchain-gd32v-win\\compiler\\riscv64-unknown-elf\\include\
  37              		.file 9 "c:\\toolchain-gd32v-win-001\\toolchain-gd32v-win\\compiler\\riscv64-unknown-elf\\include\
GAS LISTING C:\Users\Jesper\AppData\Local\Temp\cc4zR38P.s 			page 3


DEFINED SYMBOLS
                            *ABS*:0000000000000000 read.c
C:\Users\Jesper\AppData\Local\Temp\cc4zR38P.s:13     .text._read:0000000000000000 _read
C:\Users\Jesper\AppData\Local\Temp\cc4zR38P.s:17     .text._read:0000000000000000 .L0 
C:\Users\Jesper\AppData\Local\Temp\cc4zR38P.s:19     .text._read:0000000000000000 .L0 
C:\Users\Jesper\AppData\Local\Temp\cc4zR38P.s:21     .text._read:0000000000000000 .L0 
C:\Users\Jesper\AppData\Local\Temp\cc4zR38P.s:22     .text._read:0000000000000000 .L0 
C:\Users\Jesper\AppData\Local\Temp\cc4zR38P.s:23     .text._read:0000000000000000 .L0 
C:\Users\Jesper\AppData\Local\Temp\cc4zR38P.s:26     .text._read:0000000000000004 .L0 
C:\Users\Jesper\AppData\Local\Temp\cc4zR38P.s:29     .text._read:0000000000000004 .L0 
                     .debug_frame:0000000000000000 .L0 
C:\Users\Jesper\AppData\Local\Temp\cc4zR38P.s:1569   .debug_abbrev:0000000000000000 .Ldebug_abbrev0
C:\Users\Jesper\AppData\Local\Temp\cc4zR38P.s:2258   .debug_str:00000000000002fe .LASF130
C:\Users\Jesper\AppData\Local\Temp\cc4zR38P.s:2116   .debug_str:000000000000000c .LASF131
C:\Users\Jesper\AppData\Local\Temp\cc4zR38P.s:2140   .debug_str:00000000000000a7 .LASF132
C:\Users\Jesper\AppData\Local\Temp\cc4zR38P.s:2106   .debug_ranges:0000000000000000 .Ldebug_ranges0
C:\Users\Jesper\AppData\Local\Temp\cc4zR38P.s:2112   .debug_line:0000000000000000 .Ldebug_line0
C:\Users\Jesper\AppData\Local\Temp\cc4zR38P.s:2152   .debug_str:000000000000011e .LASF0
C:\Users\Jesper\AppData\Local\Temp\cc4zR38P.s:2272   .debug_str:00000000000003b7 .LASF1
C:\Users\Jesper\AppData\Local\Temp\cc4zR38P.s:2278   .debug_str:00000000000003d3 .LASF2
C:\Users\Jesper\AppData\Local\Temp\cc4zR38P.s:2222   .debug_str:000000000000025a .LASF3
C:\Users\Jesper\AppData\Local\Temp\cc4zR38P.s:2168   .debug_str:0000000000000163 .LASF4
C:\Users\Jesper\AppData\Local\Temp\cc4zR38P.s:2216   .debug_str:000000000000023b .LASF5
C:\Users\Jesper\AppData\Local\Temp\cc4zR38P.s:2150   .debug_str:0000000000000110 .LASF6
C:\Users\Jesper\AppData\Local\Temp\cc4zR38P.s:2134   .debug_str:000000000000007c .LASF7
C:\Users\Jesper\AppData\Local\Temp\cc4zR38P.s:2208   .debug_str:0000000000000217 .LASF8
C:\Users\Jesper\AppData\Local\Temp\cc4zR38P.s:2120   .debug_str:0000000000000034 .LASF10
C:\Users\Jesper\AppData\Local\Temp\cc4zR38P.s:2252   .debug_str:00000000000002e4 .LASF9
C:\Users\Jesper\AppData\Local\Temp\cc4zR38P.s:2236   .debug_str:00000000000002a5 .LASF11
C:\Users\Jesper\AppData\Local\Temp\cc4zR38P.s:2266   .debug_str:0000000000000394 .LASF12
C:\Users\Jesper\AppData\Local\Temp\cc4zR38P.s:2324   .debug_str:00000000000004a5 .LASF13
C:\Users\Jesper\AppData\Local\Temp\cc4zR38P.s:2358   .debug_str:000000000000053a .LASF14
C:\Users\Jesper\AppData\Local\Temp\cc4zR38P.s:2232   .debug_str:0000000000000297 .LASF15
C:\Users\Jesper\AppData\Local\Temp\cc4zR38P.s:2210   .debug_str:0000000000000224 .LASF16
C:\Users\Jesper\AppData\Local\Temp\cc4zR38P.s:2316   .debug_str:0000000000000483 .LASF17
C:\Users\Jesper\AppData\Local\Temp\cc4zR38P.s:2318   .debug_str:000000000000048b .LASF18
C:\Users\Jesper\AppData\Local\Temp\cc4zR38P.s:2288   .debug_str:00000000000003fb .LASF19
C:\Users\Jesper\AppData\Local\Temp\cc4zR38P.s:2344   .debug_str:00000000000004f0 .LASF20
C:\Users\Jesper\AppData\Local\Temp\cc4zR38P.s:2270   .debug_str:00000000000003a5 .LASF21
C:\Users\Jesper\AppData\Local\Temp\cc4zR38P.s:2194   .debug_str:00000000000001da .LASF22
C:\Users\Jesper\AppData\Local\Temp\cc4zR38P.s:2198   .debug_str:00000000000001eb .LASF27
C:\Users\Jesper\AppData\Local\Temp\cc4zR38P.s:2336   .debug_str:00000000000004cf .LASF23
C:\Users\Jesper\AppData\Local\Temp\cc4zR38P.s:2310   .debug_str:000000000000046e .LASF24
C:\Users\Jesper\AppData\Local\Temp\cc4zR38P.s:2192   .debug_str:00000000000001d4 .LASF25
C:\Users\Jesper\AppData\Local\Temp\cc4zR38P.s:2352   .debug_str:0000000000000525 .LASF26
C:\Users\Jesper\AppData\Local\Temp\cc4zR38P.s:2206   .debug_str:0000000000000212 .LASF28
C:\Users\Jesper\AppData\Local\Temp\cc4zR38P.s:2148   .debug_str:0000000000000107 .LASF29
C:\Users\Jesper\AppData\Local\Temp\cc4zR38P.s:2330   .debug_str:00000000000004b9 .LASF30
C:\Users\Jesper\AppData\Local\Temp\cc4zR38P.s:2158   .debug_str:0000000000000136 .LASF31
C:\Users\Jesper\AppData\Local\Temp\cc4zR38P.s:2382   .debug_str:00000000000005a5 .LASF32
C:\Users\Jesper\AppData\Local\Temp\cc4zR38P.s:2260   .debug_str:0000000000000378 .LASF33
C:\Users\Jesper\AppData\Local\Temp\cc4zR38P.s:2246   .debug_str:00000000000002ca .LASF34
C:\Users\Jesper\AppData\Local\Temp\cc4zR38P.s:2354   .debug_str:000000000000052a .LASF35
C:\Users\Jesper\AppData\Local\Temp\cc4zR38P.s:2280   .debug_str:00000000000003dd .LASF36
C:\Users\Jesper\AppData\Local\Temp\cc4zR38P.s:2368   .debug_str:0000000000000565 .LASF37
C:\Users\Jesper\AppData\Local\Temp\cc4zR38P.s:2162   .debug_str:0000000000000145 .LASF38
C:\Users\Jesper\AppData\Local\Temp\cc4zR38P.s:2188   .debug_str:00000000000001c7 .LASF39
GAS LISTING C:\Users\Jesper\AppData\Local\Temp\cc4zR38P.s 			page 4


C:\Users\Jesper\AppData\Local\Temp\cc4zR38P.s:2114   .debug_str:0000000000000000 .LASF40
C:\Users\Jesper\AppData\Local\Temp\cc4zR38P.s:2340   .debug_str:00000000000004e2 .LASF41
C:\Users\Jesper\AppData\Local\Temp\cc4zR38P.s:2172   .debug_str:0000000000000173 .LASF42
C:\Users\Jesper\AppData\Local\Temp\cc4zR38P.s:2262   .debug_str:0000000000000381 .LASF43
C:\Users\Jesper\AppData\Local\Temp\cc4zR38P.s:2302   .debug_str:000000000000043e .LASF44
C:\Users\Jesper\AppData\Local\Temp\cc4zR38P.s:2190   .debug_str:00000000000001cf .LASF45
C:\Users\Jesper\AppData\Local\Temp\cc4zR38P.s:2282   .debug_str:00000000000003e7 .LASF46
C:\Users\Jesper\AppData\Local\Temp\cc4zR38P.s:2156   .debug_str:0000000000000130 .LASF47
C:\Users\Jesper\AppData\Local\Temp\cc4zR38P.s:2118   .debug_str:000000000000002e .LASF48
C:\Users\Jesper\AppData\Local\Temp\cc4zR38P.s:2290   .debug_str:0000000000000406 .LASF49
C:\Users\Jesper\AppData\Local\Temp\cc4zR38P.s:2170   .debug_str:000000000000016c .LASF50
C:\Users\Jesper\AppData\Local\Temp\cc4zR38P.s:2218   .debug_str:000000000000024d .LASF51
C:\Users\Jesper\AppData\Local\Temp\cc4zR38P.s:2136   .debug_str:0000000000000093 .LASF52
C:\Users\Jesper\AppData\Local\Temp\cc4zR38P.s:2164   .debug_str:0000000000000153 .LASF53
C:\Users\Jesper\AppData\Local\Temp\cc4zR38P.s:2202   .debug_str:0000000000000202 .LASF54
C:\Users\Jesper\AppData\Local\Temp\cc4zR38P.s:2244   .debug_str:00000000000002c3 .LASF55
C:\Users\Jesper\AppData\Local\Temp\cc4zR38P.s:2320   .debug_str:0000000000000493 .LASF56
C:\Users\Jesper\AppData\Local\Temp\cc4zR38P.s:2372   .debug_str:000000000000057f .LASF57
C:\Users\Jesper\AppData\Local\Temp\cc4zR38P.s:2154   .debug_str:000000000000012a .LASF58
C:\Users\Jesper\AppData\Local\Temp\cc4zR38P.s:2364   .debug_str:0000000000000557 .LASF59
C:\Users\Jesper\AppData\Local\Temp\cc4zR38P.s:2176   .debug_str:0000000000000182 .LASF60
C:\Users\Jesper\AppData\Local\Temp\cc4zR38P.s:2182   .debug_str:00000000000001a0 .LASF61
C:\Users\Jesper\AppData\Local\Temp\cc4zR38P.s:2128   .debug_str:0000000000000056 .LASF62
C:\Users\Jesper\AppData\Local\Temp\cc4zR38P.s:2238   .debug_str:00000000000002ac .LASF63
C:\Users\Jesper\AppData\Local\Temp\cc4zR38P.s:2294   .debug_str:0000000000000418 .LASF64
C:\Users\Jesper\AppData\Local\Temp\cc4zR38P.s:2240   .debug_str:00000000000002b2 .LASF65
C:\Users\Jesper\AppData\Local\Temp\cc4zR38P.s:2312   .debug_str:0000000000000476 .LASF66
C:\Users\Jesper\AppData\Local\Temp\cc4zR38P.s:2326   .debug_str:00000000000004ad .LASF67
C:\Users\Jesper\AppData\Local\Temp\cc4zR38P.s:2174   .debug_str:000000000000017b .LASF68
C:\Users\Jesper\AppData\Local\Temp\cc4zR38P.s:2212   .debug_str:000000000000022b .LASF69
C:\Users\Jesper\AppData\Local\Temp\cc4zR38P.s:2196   .debug_str:00000000000001e3 .LASF70
C:\Users\Jesper\AppData\Local\Temp\cc4zR38P.s:2300   .debug_str:0000000000000439 .LASF71
C:\Users\Jesper\AppData\Local\Temp\cc4zR38P.s:2124   .debug_str:0000000000000043 .LASF72
C:\Users\Jesper\AppData\Local\Temp\cc4zR38P.s:2308   .debug_str:0000000000000455 .LASF73
C:\Users\Jesper\AppData\Local\Temp\cc4zR38P.s:2304   .debug_str:0000000000000443 .LASF74
C:\Users\Jesper\AppData\Local\Temp\cc4zR38P.s:2264   .debug_str:0000000000000389 .LASF75
C:\Users\Jesper\AppData\Local\Temp\cc4zR38P.s:2306   .debug_str:000000000000044b .LASF76
C:\Users\Jesper\AppData\Local\Temp\cc4zR38P.s:2230   .debug_str:000000000000028f .LASF77
C:\Users\Jesper\AppData\Local\Temp\cc4zR38P.s:2204   .debug_str:0000000000000208 .LASF78
C:\Users\Jesper\AppData\Local\Temp\cc4zR38P.s:2380   .debug_str:00000000000005a0 .LASF79
C:\Users\Jesper\AppData\Local\Temp\cc4zR38P.s:2268   .debug_str:000000000000039b .LASF80
C:\Users\Jesper\AppData\Local\Temp\cc4zR38P.s:2214   .debug_str:0000000000000233 .LASF81
C:\Users\Jesper\AppData\Local\Temp\cc4zR38P.s:2180   .debug_str:0000000000000198 .LASF82
C:\Users\Jesper\AppData\Local\Temp\cc4zR38P.s:2274   .debug_str:00000000000003c5 .LASF83
C:\Users\Jesper\AppData\Local\Temp\cc4zR38P.s:2224   .debug_str:000000000000026d .LASF84
C:\Users\Jesper\AppData\Local\Temp\cc4zR38P.s:2362   .debug_str:000000000000054d .LASF85
C:\Users\Jesper\AppData\Local\Temp\cc4zR38P.s:2166   .debug_str:000000000000015b .LASF86
C:\Users\Jesper\AppData\Local\Temp\cc4zR38P.s:2160   .debug_str:0000000000000140 .LASF87
C:\Users\Jesper\AppData\Local\Temp\cc4zR38P.s:2328   .debug_str:00000000000004b4 .LASF88
C:\Users\Jesper\AppData\Local\Temp\cc4zR38P.s:2286   .debug_str:00000000000003f4 .LASF89
C:\Users\Jesper\AppData\Local\Temp\cc4zR38P.s:2356   .debug_str:0000000000000534 .LASF90
C:\Users\Jesper\AppData\Local\Temp\cc4zR38P.s:2220   .debug_str:0000000000000253 .LASF91
C:\Users\Jesper\AppData\Local\Temp\cc4zR38P.s:2284   .debug_str:00000000000003ee .LASF92
C:\Users\Jesper\AppData\Local\Temp\cc4zR38P.s:2122   .debug_str:000000000000003b .LASF93
C:\Users\Jesper\AppData\Local\Temp\cc4zR38P.s:2314   .debug_str:000000000000047d .LASF94
C:\Users\Jesper\AppData\Local\Temp\cc4zR38P.s:2334   .debug_str:00000000000004c9 .LASF95
C:\Users\Jesper\AppData\Local\Temp\cc4zR38P.s:2342   .debug_str:00000000000004eb .LASF96
GAS LISTING C:\Users\Jesper\AppData\Local\Temp\cc4zR38P.s 			page 5


C:\Users\Jesper\AppData\Local\Temp\cc4zR38P.s:2350   .debug_str:0000000000000518 .LASF97
C:\Users\Jesper\AppData\Local\Temp\cc4zR38P.s:2338   .debug_str:00000000000004d5 .LASF98
C:\Users\Jesper\AppData\Local\Temp\cc4zR38P.s:2228   .debug_str:0000000000000282 .LASF99
C:\Users\Jesper\AppData\Local\Temp\cc4zR38P.s:2370   .debug_str:0000000000000570 .LASF100
C:\Users\Jesper\AppData\Local\Temp\cc4zR38P.s:2200   .debug_str:00000000000001f3 .LASF101
C:\Users\Jesper\AppData\Local\Temp\cc4zR38P.s:2296   .debug_str:0000000000000421 .LASF102
C:\Users\Jesper\AppData\Local\Temp\cc4zR38P.s:2374   .debug_str:0000000000000586 .LASF103
C:\Users\Jesper\AppData\Local\Temp\cc4zR38P.s:2298   .debug_str:000000000000042c .LASF104
C:\Users\Jesper\AppData\Local\Temp\cc4zR38P.s:2378   .debug_str:0000000000000592 .LASF105
C:\Users\Jesper\AppData\Local\Temp\cc4zR38P.s:2146   .debug_str:00000000000000f9 .LASF106
C:\Users\Jesper\AppData\Local\Temp\cc4zR38P.s:2360   .debug_str:0000000000000543 .LASF107
C:\Users\Jesper\AppData\Local\Temp\cc4zR38P.s:2226   .debug_str:0000000000000276 .LASF108
C:\Users\Jesper\AppData\Local\Temp\cc4zR38P.s:2346   .debug_str:00000000000004f8 .LASF109
C:\Users\Jesper\AppData\Local\Temp\cc4zR38P.s:2186   .debug_str:00000000000001b9 .LASF110
C:\Users\Jesper\AppData\Local\Temp\cc4zR38P.s:2144   .debug_str:00000000000000ea .LASF111
C:\Users\Jesper\AppData\Local\Temp\cc4zR38P.s:2184   .debug_str:00000000000001a8 .LASF112
C:\Users\Jesper\AppData\Local\Temp\cc4zR38P.s:2130   .debug_str:000000000000005c .LASF113
C:\Users\Jesper\AppData\Local\Temp\cc4zR38P.s:2132   .debug_str:000000000000006b .LASF114
C:\Users\Jesper\AppData\Local\Temp\cc4zR38P.s:2276   .debug_str:00000000000003ca .LASF115
C:\Users\Jesper\AppData\Local\Temp\cc4zR38P.s:2256   .debug_str:00000000000002f7 .LASF116
C:\Users\Jesper\AppData\Local\Temp\cc4zR38P.s:2248   .debug_str:00000000000002d4 .LASF117
C:\Users\Jesper\AppData\Local\Temp\cc4zR38P.s:2366   .debug_str:000000000000055d .LASF118
C:\Users\Jesper\AppData\Local\Temp\cc4zR38P.s:2138   .debug_str:000000000000009c .LASF133
C:\Users\Jesper\AppData\Local\Temp\cc4zR38P.s:2322   .debug_str:0000000000000499 .LASF119
C:\Users\Jesper\AppData\Local\Temp\cc4zR38P.s:2348   .debug_str:0000000000000505 .LASF120
C:\Users\Jesper\AppData\Local\Temp\cc4zR38P.s:2178   .debug_str:000000000000018b .LASF121
C:\Users\Jesper\AppData\Local\Temp\cc4zR38P.s:2292   .debug_str:000000000000040e .LASF122
C:\Users\Jesper\AppData\Local\Temp\cc4zR38P.s:2126   .debug_str:000000000000004e .LASF123
C:\Users\Jesper\AppData\Local\Temp\cc4zR38P.s:2234   .debug_str:000000000000029d .LASF124
C:\Users\Jesper\AppData\Local\Temp\cc4zR38P.s:2250   .debug_str:00000000000002dd .LASF125
C:\Users\Jesper\AppData\Local\Temp\cc4zR38P.s:2254   .debug_str:00000000000002f0 .LASF126
C:\Users\Jesper\AppData\Local\Temp\cc4zR38P.s:2332   .debug_str:00000000000004c2 .LASF127
C:\Users\Jesper\AppData\Local\Temp\cc4zR38P.s:2376   .debug_str:000000000000058b .LASF128
C:\Users\Jesper\AppData\Local\Temp\cc4zR38P.s:2242   .debug_str:00000000000002ba .LASF129
C:\Users\Jesper\AppData\Local\Temp\cc4zR38P.s:14     .text._read:0000000000000000 .LFB1
C:\Users\Jesper\AppData\Local\Temp\cc4zR38P.s:27     .text._read:0000000000000004 .LFE1
C:\Users\Jesper\AppData\Local\Temp\cc4zR38P.s:2079   .debug_loc:0000000000000000 .LLST0
C:\Users\Jesper\AppData\Local\Temp\cc4zR38P.s:2142   .debug_str:00000000000000e4 .LASF134
C:\Users\Jesper\AppData\Local\Temp\cc4zR38P.s:18     .text._read:0000000000000000 .LVL0
C:\Users\Jesper\AppData\Local\Temp\cc4zR38P.s:24     .text._read:0000000000000002 .LVL1
C:\Users\Jesper\AppData\Local\Temp\cc4zR38P.s:39     .debug_info:0000000000000000 .Ldebug_info0

NO UNDEFINED SYMBOLS
